#
# A fatal error has been detected by the Java Runtime Environment:
#
#  EXCEPTION_ACCESS_VIOLATION (0xc0000005) at pc=0x00007ffae54895aa, pid=27164, tid=33372
#
# JRE version: OpenJDK Runtime Environment Temurin-11.0.14+9 (11.0.14+9) (build 11.0.14+9)
# Java VM: OpenJDK 64-Bit Server VM Temurin-11.0.14+9 (11.0.14+9, mixed mode, tiered, compressed oops, g1 gc, windows-amd64)
# Problematic frame:
# C  [igxelpicd64.dll+0x2895aa]
#
# No core dump will be written. Minidumps are not enabled by default on client versions of Windows
#
# If you would like to submit a bug report, please visit:
#   https://github.com/adoptium/adoptium-support/issues
# The crash happened outside the Java Virtual Machine in native code.
# See problematic frame for where to report the bug.
#

---------------  S U M M A R Y ------------

Command Line: -Dfile.encoding=UTF-8 -Dsun.java2d.dpiaware=true -agentlib:jdwp=transport=dt_shmem,address=javadebug gov.nasa.worldwindx.examples.symbology.AllPointGraphics

Host: 11th Gen Intel(R) Core(TM) i7-11800H @ 2.30GHz, 16 cores, 31G,  Windows 11 , 64 bit Build 22000 (10.0.22000.1335)
Time: Wed Dec 21 11:48:07 2022 Eastern Standard Time elapsed time: 11.135676 seconds (0d 0h 0m 11s)

---------------  T H R E A D  ---------------

Current thread (0x0000025fffc07000):  JavaThread "JDWP Transport Listener: dt_shmem" daemon [_thread_in_native, id=33372, stack(0x000000cb49f00000,0x000000cb4a000000)]

Stack: [0x000000cb49f00000,0x000000cb4a000000],  sp=0x000000cb49ffe5c0,  free space=1017k
Native frames: (J=compiled Java code, j=interpreted, Vv=VM code, C=native code)
C  [igxelpicd64.dll+0x2895aa]


siginfo: EXCEPTION_ACCESS_VIOLATION (0xc0000005), reading address 0x0000000000035f88


Register to memory mapping:

RIP=0x00007ffae54895aa igxelpicd64.dll
RAX=0x0000025f9c60d038 points into unknown readable memory: 0x000000000000010e | 0e 01 00 00 00 00 00 00
RBX=0x0 is NULL
RCX=0x0 is NULL
RDX=0x00000000fffffff0 is an unknown value
RSP=0x000000cb49ffe5c0 is pointing into the stack for thread: 0x0000025fffc07000
RBP=0x000000cb49ffe628 is pointing into the stack for thread: 0x0000025fffc07000
RSI=0x0000025f8be58240 points into unknown readable memory: 0x31000000bebafe00 | 00 fe ba be 00 00 00 31
RDI=0x0 is NULL
R8 =0x0 is NULL
R9 =0x0 is NULL
R10=0x0000025f9c60d508 points into unknown readable memory: 0x0000025f9c60ae60 | 60 ae 60 9c 5f 02 00 00
R11=0x0000000000000246 is an unknown value
R12=0x0000025f99434f88 points into unknown readable memory: 0x0000000000040000 | 00 00 04 00 00 00 00 00
R13=0x0 is NULL
R14=0x0000025f9c60cf30 points into unknown readable memory: 0x0000025f8b6496d0 | d0 96 64 8b 5f 02 00 00
R15=0x0000000000000016 is an unknown value


Registers:
RAX=0x0000025f9c60d038, RBX=0x0000000000000000, RCX=0x0000000000000000, RDX=0x00000000fffffff0
RSP=0x000000cb49ffe5c0, RBP=0x000000cb49ffe628, RSI=0x0000025f8be58240, RDI=0x0000000000000000
R8 =0x0000000000000000, R9 =0x0000000000000000, R10=0x0000025f9c60d508, R11=0x0000000000000246
R12=0x0000025f99434f88, R13=0x0000000000000000, R14=0x0000025f9c60cf30, R15=0x0000000000000016
RIP=0x00007ffae54895aa, EFLAGS=0x0000000000010202

Top of Stack: (sp=0x000000cb49ffe5c0)
0x000000cb49ffe5c0:   0000025f8b538d20 0000000000000000
0x000000cb49ffe5d0:   000000cb49ffe770 00007ffb5f2fe009
0x000000cb49ffe5e0:   0000025f9c60ae60 0000000000000000
0x000000cb49ffe5f0:   0000025f8b538d20 0000025f9c60d508
0x000000cb49ffe600:   0000000000000000 00007ffb5f587ad4
0x000000cb49ffe610:   0000000000000000 00007ffb5f579d59
0x000000cb49ffe620:   0000000000000000 0000000000000017
0x000000cb49ffe630:   000000000000011d 0000b80219660000
0x000000cb49ffe640:   0000025f99434f88 0000000000000000
0x000000cb49ffe650:   0000000000000000 0000025f8be58240
0x000000cb49ffe660:   000000cb49ffe770 00007ffae5281d5f
0x000000cb49ffe670:   0000025f8be58200 0000000000000016
0x000000cb49ffe680:   000000cb49ffe700 000000cb49ffe700
0x000000cb49ffe690:   000000cb00003098 00007ffb00000000
0x000000cb49ffe6a0:   0000000000000000 00007ffb5f576201
0x000000cb49ffe6b0:   000000cb49ffe8c0 00007ffb5f526096 

Instructions: (pc=0x00007ffae54895aa)
0x00007ffae54894aa:   25 58 00 00 00 41 bd 20 00 00 00 48 8b 04 f8 4e
0x00007ffae54894ba:   8b 2c 28 40 8a 7d 58 4c 3b 2d 10 be d5 00 45 0f
0x00007ffae54894ca:   44 f8 44 89 7d 50 48 85 c9 0f 84 68 07 00 00 33
0x00007ffae54894da:   db 4c 8b f1 4c 8d 91 d8 05 00 00 4c 89 55 d0 49
0x00007ffae54894ea:   8b 02 48 89 45 b8 40 84 ff 74 10 48 8b d1 48 8b
0x00007ffae54894fa:   09 e8 40 ca df ff e9 ef 06 00 00 44 8b 86 c8 01
0x00007ffae548950a:   00 00 48 8b 05 cd 5e c5 00 83 b8 78 03 00 00 02
0x00007ffae548951a:   0f 85 1d 02 00 00 41 8d 50 f0 41 83 f8 10 73 11
0x00007ffae548952a:   4a 8d 04 c5 21 00 00 00 49 03 c0 48 8d 04 c1 eb
0x00007ffae548953a:   5b 8b c2 c1 e8 04 83 f8 03 73 1f 0f ae e8 8b ca
0x00007ffae548954a:   83 e1 0f 4d 8b 8c c6 88 05 00 00 4d 85 c9 74 21
0x00007ffae548955a:   48 8d 0c c9 49 8d 04 c9 eb 32 48 8b 81 a0 05 00
0x00007ffae548956a:   00 eb 09 44 39 00 74 2f 48 8b 40 50 48 85 c0 75
0x00007ffae548957a:   f2 41 38 9e a8 05 00 00 74 23 41 8b c0 83 e0 0f
0x00007ffae548958a:   48 8d 04 c0 48 8d 40 21 49 8d 04 c6 48 85 c0 74
0x00007ffae548959a:   0c 48 8b 48 08 eb 09 48 83 c0 08 eb ef 48 8b cb
0x00007ffae54895aa:   49 3b 8d 88 5f 03 00 0f 86 86 01 00 00 41 83 f8
0x00007ffae54895ba:   10 73 0d 4a 8d 04 c5 21 00 00 00 49 03 c0 eb 55
0x00007ffae54895ca:   8b c2 c1 e8 04 83 f8 03 73 1d 0f ae e8 83 e2 0f
0x00007ffae54895da:   4d 8b 8c c6 88 05 00 00 4d 85 c9 74 21 48 8d 0c
0x00007ffae54895ea:   d2 49 8d 04 c9 eb 32 49 8b 86 a0 05 00 00 eb 09
0x00007ffae54895fa:   44 39 00 74 2f 48 8b 40 50 48 85 c0 75 f2 41 38
0x00007ffae548960a:   9e a8 05 00 00 74 23 41 8b c0 83 e0 0f 48 8d 04
0x00007ffae548961a:   c0 48 8d 40 21 49 8d 04 c6 48 85 c0 74 0c 48 8b
0x00007ffae548962a:   48 08 eb 09 48 83 c0 08 eb ef 48 8b cb 49 3b 8e
0x00007ffae548963a:   50 06 00 00 0f 86 f9 00 00 00 48 8b 86 78 02 00
0x00007ffae548964a:   00 49 89 02 4c 89 b6 78 02 00 00 ff 86 80 02 00
0x00007ffae548965a:   00 49 8b 46 08 48 8b 88 18 01 00 00 48 81 e1 00
0x00007ffae548966a:   00 ff ff 48 81 c1 00 00 01 00 48 01 8e 88 02 00
0x00007ffae548967a:   00 ba 01 00 00 00 49 8b 4e 08 e8 17 34 db ff 48
0x00007ffae548968a:   01 86 a0 02 00 00 45 85 ff 0f 84 9a 00 00 00 49
0x00007ffae548969a:   8b 9d 28 57 03 00 0f 57 c0 f3 0f 7f 45 d8 45 33 


Stack slot to memory mapping:
stack at sp + 0 slots: 0x0000025f8b538d20 points into unknown readable memory: 0xffffffffffffffff | ff ff ff ff ff ff ff ff
stack at sp + 1 slots: 0x0 is NULL
stack at sp + 2 slots: 0x000000cb49ffe770 is pointing into the stack for thread: 0x0000025fffc07000
stack at sp + 3 slots: 0x00007ffb5f2fe009 USER32.dll
stack at sp + 4 slots: 0x0000025f9c60ae60 points into unknown readable memory: 0x0000025f8b6496d0 | d0 96 64 8b 5f 02 00 00
stack at sp + 5 slots: 0x0 is NULL
stack at sp + 6 slots: 0x0000025f8b538d20 points into unknown readable memory: 0xffffffffffffffff | ff ff ff ff ff ff ff ff
stack at sp + 7 slots: 0x0000025f9c60d508 points into unknown readable memory: 0x0000025f9c60ae60 | 60 ae 60 9c 5f 02 00 00


---------------  P R O C E S S  ---------------

Threads class SMR info:
_java_thread_list=0x0000025f9343b0c0, length=26, elements={
0x0000025fff9fb000, 0x0000025fff9ca800, 0x0000025fffa47800, 0x0000025fffa4a800,
0x0000025fffa4c000, 0x0000025fffa50800, 0x0000025fffa76000, 0x0000025fffa87800,
0x0000025fffc07000, 0x0000025fffc49000, 0x0000025fffc6d000, 0x0000025f8b165000,
0x0000025f8ae00000, 0x0000025f8ae03800, 0x0000025f8b3d7800, 0x0000025f8b63c000,
0x0000025f8b4f9800, 0x0000025f9367d000, 0x0000025f93678800, 0x0000025f9367c000,
0x0000025f995ac800, 0x0000025f995b3000, 0x0000025f995b0800, 0x0000025f995b2000,
0x0000025f995af800, 0x0000025f995b1000
}

Java Threads: ( => current thread )
  0x0000025fff9fb000 JavaThread "Reference Handler" daemon [_thread_blocked, id=19748, stack(0x000000cb49500000,0x000000cb49600000)]
  0x0000025fff9ca800 JavaThread "Finalizer" daemon [_thread_blocked, id=28420, stack(0x000000cb49600000,0x000000cb49700000)]
  0x0000025fffa47800 JavaThread "Signal Dispatcher" daemon [_thread_blocked, id=23488, stack(0x000000cb49700000,0x000000cb49800000)]
  0x0000025fffa4a800 JavaThread "Attach Listener" daemon [_thread_blocked, id=26096, stack(0x000000cb49800000,0x000000cb49900000)]
  0x0000025fffa4c000 JavaThread "Service Thread" daemon [_thread_blocked, id=34184, stack(0x000000cb49900000,0x000000cb49a00000)]
  0x0000025fffa50800 JavaThread "C2 CompilerThread0" daemon [_thread_blocked, id=22708, stack(0x000000cb49a00000,0x000000cb49b00000)]
  0x0000025fffa76000 JavaThread "C1 CompilerThread0" daemon [_thread_blocked, id=18828, stack(0x000000cb49b00000,0x000000cb49c00000)]
  0x0000025fffa87800 JavaThread "Sweeper thread" daemon [_thread_blocked, id=33704, stack(0x000000cb49c00000,0x000000cb49d00000)]
=>0x0000025fffc07000 JavaThread "JDWP Transport Listener: dt_shmem" daemon [_thread_in_native, id=33372, stack(0x000000cb49f00000,0x000000cb4a000000)]
  0x0000025fffc49000 JavaThread "JDWP Event Helper Thread" daemon [_thread_blocked, id=34036, stack(0x000000cb4a000000,0x000000cb4a100000)]
  0x0000025fffc6d000 JavaThread "Common-Cleaner" daemon [_thread_blocked, id=26376, stack(0x000000cb4a300000,0x000000cb4a400000)]
  0x0000025f8b165000 JavaThread "Java2D Disposer" daemon [_thread_blocked, id=24240, stack(0x000000cb4b300000,0x000000cb4b400000)]
  0x0000025f8ae00000 JavaThread "AWT-Shutdown" [_thread_blocked, id=31572, stack(0x000000cb4b400000,0x000000cb4b500000)]
  0x0000025f8ae03800 JavaThread "AWT-Windows" daemon [_thread_in_native, id=2052, stack(0x000000cb4b500000,0x000000cb4b600000)]
  0x0000025f8b3d7800 JavaThread "AWT-EventQueue-0" [_thread_blocked, id=26324, stack(0x000000cb4a500000,0x000000cb4a600000)]
  0x0000025f8b63c000 JavaThread "org.netbeans.modules.debugger.jpda.visual AWT Access Loop" daemon [_thread_blocked, id=24080, stack(0x000000cb4b100000,0x000000cb4b200000)]
  0x0000025f8b4f9800 JavaThread "main-SharedResourceRunner" daemon [_thread_blocked, id=23692, stack(0x000000cb4b700000,0x000000cb4b800000)]
  0x0000025f9367d000 JavaThread "TimerQueue" daemon [_thread_blocked, id=7660, stack(0x000000cb4ca00000,0x000000cb4cb00000)]
  0x0000025f93678800 JavaThread "Thread-8" daemon [_thread_blocked, id=32992, stack(0x000000cb4cb00000,0x000000cb4cc00000)]
  0x0000025f9367c000 JavaThread "DestroyJavaVM" [_thread_blocked, id=28444, stack(0x000000cb48e00000,0x000000cb48f00000)]
  0x0000025f995ac800 JavaThread "Idle WorldWind Task " daemon [_thread_blocked, id=29784, stack(0x000000cb4ce00000,0x000000cb4cf00000)]
  0x0000025f995b3000 JavaThread "Idle WorldWind Task " daemon [_thread_blocked, id=8812, stack(0x000000cb4cf00000,0x000000cb4d000000)]
  0x0000025f995b0800 JavaThread "Idle WorldWind Task " daemon [_thread_blocked, id=860, stack(0x000000cb4d000000,0x000000cb4d100000)]
  0x0000025f995b2000 JavaThread "Idle WorldWind Task " daemon [_thread_blocked, id=3284, stack(0x000000cb4d100000,0x000000cb4d200000)]
  0x0000025f995af800 JavaThread "Idle WorldWind Task " daemon [_thread_blocked, id=30604, stack(0x000000cb4d200000,0x000000cb4d300000)]
  0x0000025f995b1000 JavaThread "Keep-Alive-Timer" daemon [_thread_blocked, id=17960, stack(0x000000cb4d300000,0x000000cb4d400000)]

Other Threads:
  0x0000025fff9c7000 VMThread "VM Thread" [stack: 0x000000cb49400000,0x000000cb49500000] [id=30952]
  0x0000025fffc59000 WatcherThread [stack: 0x000000cb4a200000,0x000000cb4a300000] [id=24388]
  0x0000025fdb908000 GCTaskThread "GC Thread#0" [stack: 0x000000cb48f00000,0x000000cb49000000] [id=22772]
  0x0000025f8aacf800 GCTaskThread "GC Thread#1" [stack: 0x000000cb4a600000,0x000000cb4a700000] [id=17780]
  0x0000025f8aad0800 GCTaskThread "GC Thread#2" [stack: 0x000000cb4a700000,0x000000cb4a800000] [id=15832]
  0x0000025f8ab57000 GCTaskThread "GC Thread#3" [stack: 0x000000cb4a800000,0x000000cb4a900000] [id=31904]
  0x0000025f8ab58800 GCTaskThread "GC Thread#4" [stack: 0x000000cb4a900000,0x000000cb4aa00000] [id=2984]
  0x0000025f8ab59800 GCTaskThread "GC Thread#5" [stack: 0x000000cb4aa00000,0x000000cb4ab00000] [id=30492]
  0x0000025f8ab5a000 GCTaskThread "GC Thread#6" [stack: 0x000000cb4ab00000,0x000000cb4ac00000] [id=34720]
  0x0000025f8abcd800 GCTaskThread "GC Thread#7" [stack: 0x000000cb4ac00000,0x000000cb4ad00000] [id=10368]
  0x0000025f8abcf000 GCTaskThread "GC Thread#8" [stack: 0x000000cb4ad00000,0x000000cb4ae00000] [id=34020]
  0x0000025f8abd1800 GCTaskThread "GC Thread#9" [stack: 0x000000cb4ae00000,0x000000cb4af00000] [id=11928]
  0x0000025f8abd4000 GCTaskThread "GC Thread#10" [stack: 0x000000cb4af00000,0x000000cb4b000000] [id=25240]
  0x0000025f8abd2800 GCTaskThread "GC Thread#11" [stack: 0x000000cb4b000000,0x000000cb4b100000] [id=27248]
  0x0000025f8abd1000 GCTaskThread "GC Thread#12" [stack: 0x000000cb4c400000,0x000000cb4c500000] [id=22396]
  0x0000025fdb98b800 ConcurrentGCThread "G1 Main Marker" [stack: 0x000000cb49000000,0x000000cb49100000] [id=30472]
  0x0000025fdb98e800 ConcurrentGCThread "G1 Conc#0" [stack: 0x000000cb49100000,0x000000cb49200000] [id=23968]
  0x0000025f8abcf800 ConcurrentGCThread "G1 Conc#1" [stack: 0x000000cb4b200000,0x000000cb4b300000] [id=2356]
  0x0000025f8abd0800 ConcurrentGCThread "G1 Conc#2" [stack: 0x000000cb4b600000,0x000000cb4b700000] [id=25884]
  0x0000025fff82c000 ConcurrentGCThread "G1 Refine#0" [stack: 0x000000cb49200000,0x000000cb49300000] [id=32904]
  0x0000025fff82f000 ConcurrentGCThread "G1 Young RemSet Sampling" [stack: 0x000000cb49300000,0x000000cb49400000] [id=22340]

Threads with active compile tasks:

VM state:not at safepoint (normal execution)

VM Mutex/Monitor currently owned by a thread: None

Heap address: 0x0000000604600000, size: 8122 MB, Compressed Oops mode: Zero based, Oop shift amount: 3
Narrow klass base: 0x0000000800000000, Narrow klass shift: 0
Compressed class space size: 1073741824 Address: 0x0000000800000000

Heap:
 garbage-first heap   total 520192K, used 70514K [0x0000000604600000, 0x0000000800000000)
  region size 2048K, 33 young (67584K), 5 survivors (10240K)
 Metaspace       used 40664K, capacity 41364K, committed 41552K, reserved 1087488K
  class space    used 4022K, capacity 4351K, committed 4352K, reserved 1048576K
Heap Regions: E=young(eden), S=young(survivor), O=old, HS=humongous(starts), HC=humongous(continues), CS=collection set, F=free, A=archive, TAMS=top-at-mark-start (previous, next)
|   0|0x0000000604600000, 0x0000000604800000, 0x0000000604800000|100%|HS|  |TAMS 0x0000000604600000, 0x0000000604600000| Complete 
|   1|0x0000000604800000, 0x0000000604a00000, 0x0000000604a00000|100%|HC|  |TAMS 0x0000000604800000, 0x0000000604800000| Complete 
|   2|0x0000000604a00000, 0x0000000604c00000, 0x0000000604c00000|100%|HC|  |TAMS 0x0000000604a00000, 0x0000000604a00000| Complete 
|   3|0x0000000604c00000, 0x0000000604e00000, 0x0000000604e00000|100%|HC|  |TAMS 0x0000000604c00000, 0x0000000604c00000| Complete 
|   4|0x0000000604e00000, 0x0000000604e00000, 0x0000000605000000|  0%| F|  |TAMS 0x0000000604e00000, 0x0000000604e00000| Untracked 
|   5|0x0000000605000000, 0x0000000605000000, 0x0000000605200000|  0%| F|  |TAMS 0x0000000605000000, 0x0000000605000000| Untracked 
|   6|0x0000000605200000, 0x0000000605200000, 0x0000000605400000|  0%| F|  |TAMS 0x0000000605200000, 0x0000000605200000| Untracked 
|   7|0x0000000605400000, 0x0000000605400000, 0x0000000605600000|  0%| F|  |TAMS 0x0000000605400000, 0x0000000605400000| Untracked 
|   8|0x0000000605600000, 0x0000000605600000, 0x0000000605800000|  0%| F|  |TAMS 0x0000000605600000, 0x0000000605600000| Untracked 
|   9|0x0000000605800000, 0x0000000605800000, 0x0000000605a00000|  0%| F|  |TAMS 0x0000000605800000, 0x0000000605800000| Untracked 
|  10|0x0000000605a00000, 0x0000000605a00000, 0x0000000605c00000|  0%| F|  |TAMS 0x0000000605a00000, 0x0000000605a00000| Untracked 
|  11|0x0000000605c00000, 0x0000000605c00000, 0x0000000605e00000|  0%| F|  |TAMS 0x0000000605c00000, 0x0000000605c00000| Untracked 
|  12|0x0000000605e00000, 0x0000000605e00000, 0x0000000606000000|  0%| F|  |TAMS 0x0000000605e00000, 0x0000000605e00000| Untracked 
|  13|0x0000000606000000, 0x0000000606000000, 0x0000000606200000|  0%| F|  |TAMS 0x0000000606000000, 0x0000000606000000| Untracked 
|  14|0x0000000606200000, 0x0000000606200000, 0x0000000606400000|  0%| F|  |TAMS 0x0000000606200000, 0x0000000606200000| Untracked 
|  15|0x0000000606400000, 0x0000000606400000, 0x0000000606600000|  0%| F|  |TAMS 0x0000000606400000, 0x0000000606400000| Untracked 
|  16|0x0000000606600000, 0x0000000606600000, 0x0000000606800000|  0%| F|  |TAMS 0x0000000606600000, 0x0000000606600000| Untracked 
|  17|0x0000000606800000, 0x0000000606800000, 0x0000000606a00000|  0%| F|  |TAMS 0x0000000606800000, 0x0000000606800000| Untracked 
|  18|0x0000000606a00000, 0x0000000606a00000, 0x0000000606c00000|  0%| F|  |TAMS 0x0000000606a00000, 0x0000000606a00000| Untracked 
|  19|0x0000000606c00000, 0x0000000606c00000, 0x0000000606e00000|  0%| F|  |TAMS 0x0000000606c00000, 0x0000000606c00000| Untracked 
|  20|0x0000000606e00000, 0x0000000606e00000, 0x0000000607000000|  0%| F|  |TAMS 0x0000000606e00000, 0x0000000606e00000| Untracked 
|  21|0x0000000607000000, 0x0000000607000000, 0x0000000607200000|  0%| F|  |TAMS 0x0000000607000000, 0x0000000607000000| Untracked 
|  22|0x0000000607200000, 0x0000000607200000, 0x0000000607400000|  0%| F|  |TAMS 0x0000000607200000, 0x0000000607200000| Untracked 
|  23|0x0000000607400000, 0x0000000607400000, 0x0000000607600000|  0%| F|  |TAMS 0x0000000607400000, 0x0000000607400000| Untracked 
|  24|0x0000000607600000, 0x0000000607600000, 0x0000000607800000|  0%| F|  |TAMS 0x0000000607600000, 0x0000000607600000| Untracked 
|  25|0x0000000607800000, 0x0000000607800000, 0x0000000607a00000|  0%| F|  |TAMS 0x0000000607800000, 0x0000000607800000| Untracked 
|  26|0x0000000607a00000, 0x0000000607a00000, 0x0000000607c00000|  0%| F|  |TAMS 0x0000000607a00000, 0x0000000607a00000| Untracked 
|  27|0x0000000607c00000, 0x0000000607c00000, 0x0000000607e00000|  0%| F|  |TAMS 0x0000000607c00000, 0x0000000607c00000| Untracked 
|  28|0x0000000607e00000, 0x0000000607e00000, 0x0000000608000000|  0%| F|  |TAMS 0x0000000607e00000, 0x0000000607e00000| Untracked 
|  29|0x0000000608000000, 0x0000000608000000, 0x0000000608200000|  0%| F|  |TAMS 0x0000000608000000, 0x0000000608000000| Untracked 
|  30|0x0000000608200000, 0x0000000608200000, 0x0000000608400000|  0%| F|  |TAMS 0x0000000608200000, 0x0000000608200000| Untracked 
|  31|0x0000000608400000, 0x0000000608400000, 0x0000000608600000|  0%| F|  |TAMS 0x0000000608400000, 0x0000000608400000| Untracked 
|  32|0x0000000608600000, 0x0000000608600000, 0x0000000608800000|  0%| F|  |TAMS 0x0000000608600000, 0x0000000608600000| Untracked 
|  33|0x0000000608800000, 0x0000000608800000, 0x0000000608a00000|  0%| F|  |TAMS 0x0000000608800000, 0x0000000608800000| Untracked 
|  34|0x0000000608a00000, 0x0000000608a00000, 0x0000000608c00000|  0%| F|  |TAMS 0x0000000608a00000, 0x0000000608a00000| Untracked 
|  35|0x0000000608c00000, 0x0000000608c00000, 0x0000000608e00000|  0%| F|  |TAMS 0x0000000608c00000, 0x0000000608c00000| Untracked 
|  36|0x0000000608e00000, 0x0000000608e00000, 0x0000000609000000|  0%| F|  |TAMS 0x0000000608e00000, 0x0000000608e00000| Untracked 
|  37|0x0000000609000000, 0x0000000609000000, 0x0000000609200000|  0%| F|  |TAMS 0x0000000609000000, 0x0000000609000000| Untracked 
|  38|0x0000000609200000, 0x0000000609200000, 0x0000000609400000|  0%| F|  |TAMS 0x0000000609200000, 0x0000000609200000| Untracked 
|  39|0x0000000609400000, 0x0000000609400000, 0x0000000609600000|  0%| F|  |TAMS 0x0000000609400000, 0x0000000609400000| Untracked 
|  40|0x0000000609600000, 0x0000000609600000, 0x0000000609800000|  0%| F|  |TAMS 0x0000000609600000, 0x0000000609600000| Untracked 
|  41|0x0000000609800000, 0x0000000609800000, 0x0000000609a00000|  0%| F|  |TAMS 0x0000000609800000, 0x0000000609800000| Untracked 
|  42|0x0000000609a00000, 0x0000000609a00000, 0x0000000609c00000|  0%| F|  |TAMS 0x0000000609a00000, 0x0000000609a00000| Untracked 
|  43|0x0000000609c00000, 0x0000000609c00000, 0x0000000609e00000|  0%| F|  |TAMS 0x0000000609c00000, 0x0000000609c00000| Untracked 
|  44|0x0000000609e00000, 0x0000000609e00000, 0x000000060a000000|  0%| F|  |TAMS 0x0000000609e00000, 0x0000000609e00000| Untracked 
|  45|0x000000060a000000, 0x000000060a000000, 0x000000060a200000|  0%| F|  |TAMS 0x000000060a000000, 0x000000060a000000| Untracked 
|  46|0x000000060a200000, 0x000000060a200000, 0x000000060a400000|  0%| F|  |TAMS 0x000000060a200000, 0x000000060a200000| Untracked 
|  47|0x000000060a400000, 0x000000060a400000, 0x000000060a600000|  0%| F|  |TAMS 0x000000060a400000, 0x000000060a400000| Untracked 
|  48|0x000000060a600000, 0x000000060a600000, 0x000000060a800000|  0%| F|  |TAMS 0x000000060a600000, 0x000000060a600000| Untracked 
|  49|0x000000060a800000, 0x000000060a800000, 0x000000060aa00000|  0%| F|  |TAMS 0x000000060a800000, 0x000000060a800000| Untracked 
|  50|0x000000060aa00000, 0x000000060aa00000, 0x000000060ac00000|  0%| F|  |TAMS 0x000000060aa00000, 0x000000060aa00000| Untracked 
|  51|0x000000060ac00000, 0x000000060ac00000, 0x000000060ae00000|  0%| F|  |TAMS 0x000000060ac00000, 0x000000060ac00000| Untracked 
|  52|0x000000060ae00000, 0x000000060ae00000, 0x000000060b000000|  0%| F|  |TAMS 0x000000060ae00000, 0x000000060ae00000| Untracked 
|  53|0x000000060b000000, 0x000000060b000000, 0x000000060b200000|  0%| F|  |TAMS 0x000000060b000000, 0x000000060b000000| Untracked 
|  54|0x000000060b200000, 0x000000060b200000, 0x000000060b400000|  0%| F|  |TAMS 0x000000060b200000, 0x000000060b200000| Untracked 
|  55|0x000000060b400000, 0x000000060b400000, 0x000000060b600000|  0%| F|  |TAMS 0x000000060b400000, 0x000000060b400000| Untracked 
|  56|0x000000060b600000, 0x000000060b600000, 0x000000060b800000|  0%| F|  |TAMS 0x000000060b600000, 0x000000060b600000| Untracked 
|  57|0x000000060b800000, 0x000000060b800000, 0x000000060ba00000|  0%| F|  |TAMS 0x000000060b800000, 0x000000060b800000| Untracked 
|  58|0x000000060ba00000, 0x000000060ba00000, 0x000000060bc00000|  0%| F|  |TAMS 0x000000060ba00000, 0x000000060ba00000| Untracked 
|  59|0x000000060bc00000, 0x000000060bc00000, 0x000000060be00000|  0%| F|  |TAMS 0x000000060bc00000, 0x000000060bc00000| Untracked 
|  60|0x000000060be00000, 0x000000060be00000, 0x000000060c000000|  0%| F|  |TAMS 0x000000060be00000, 0x000000060be00000| Untracked 
|  61|0x000000060c000000, 0x000000060c000000, 0x000000060c200000|  0%| F|  |TAMS 0x000000060c000000, 0x000000060c000000| Untracked 
|  62|0x000000060c200000, 0x000000060c200000, 0x000000060c400000|  0%| F|  |TAMS 0x000000060c200000, 0x000000060c200000| Untracked 
|  63|0x000000060c400000, 0x000000060c400000, 0x000000060c600000|  0%| F|  |TAMS 0x000000060c400000, 0x000000060c400000| Untracked 
|  64|0x000000060c600000, 0x000000060c600000, 0x000000060c800000|  0%| F|  |TAMS 0x000000060c600000, 0x000000060c600000| Untracked 
|  65|0x000000060c800000, 0x000000060c800000, 0x000000060ca00000|  0%| F|  |TAMS 0x000000060c800000, 0x000000060c800000| Untracked 
|  66|0x000000060ca00000, 0x000000060ca00000, 0x000000060cc00000|  0%| F|  |TAMS 0x000000060ca00000, 0x000000060ca00000| Untracked 
|  67|0x000000060cc00000, 0x000000060cc00000, 0x000000060ce00000|  0%| F|  |TAMS 0x000000060cc00000, 0x000000060cc00000| Untracked 
|  68|0x000000060ce00000, 0x000000060ce00000, 0x000000060d000000|  0%| F|  |TAMS 0x000000060ce00000, 0x000000060ce00000| Untracked 
|  69|0x000000060d000000, 0x000000060d000000, 0x000000060d200000|  0%| F|  |TAMS 0x000000060d000000, 0x000000060d000000| Untracked 
|  70|0x000000060d200000, 0x000000060d200000, 0x000000060d400000|  0%| F|  |TAMS 0x000000060d200000, 0x000000060d200000| Untracked 
|  71|0x000000060d400000, 0x000000060d400000, 0x000000060d600000|  0%| F|  |TAMS 0x000000060d400000, 0x000000060d400000| Untracked 
|  72|0x000000060d600000, 0x000000060d600000, 0x000000060d800000|  0%| F|  |TAMS 0x000000060d600000, 0x000000060d600000| Untracked 
|  73|0x000000060d800000, 0x000000060d800000, 0x000000060da00000|  0%| F|  |TAMS 0x000000060d800000, 0x000000060d800000| Untracked 
|  74|0x000000060da00000, 0x000000060da00000, 0x000000060dc00000|  0%| F|  |TAMS 0x000000060da00000, 0x000000060da00000| Untracked 
|  75|0x000000060dc00000, 0x000000060dc00000, 0x000000060de00000|  0%| F|  |TAMS 0x000000060dc00000, 0x000000060dc00000| Untracked 
|  76|0x000000060de00000, 0x000000060de00000, 0x000000060e000000|  0%| F|  |TAMS 0x000000060de00000, 0x000000060de00000| Untracked 
|  77|0x000000060e000000, 0x000000060e000000, 0x000000060e200000|  0%| F|  |TAMS 0x000000060e000000, 0x000000060e000000| Untracked 
|  78|0x000000060e200000, 0x000000060e200000, 0x000000060e400000|  0%| F|  |TAMS 0x000000060e200000, 0x000000060e200000| Untracked 
|  79|0x000000060e400000, 0x000000060e400000, 0x000000060e600000|  0%| F|  |TAMS 0x000000060e400000, 0x000000060e400000| Untracked 
|  80|0x000000060e600000, 0x000000060e600000, 0x000000060e800000|  0%| F|  |TAMS 0x000000060e600000, 0x000000060e600000| Untracked 
|  81|0x000000060e800000, 0x000000060e800000, 0x000000060ea00000|  0%| F|  |TAMS 0x000000060e800000, 0x000000060e800000| Untracked 
|  82|0x000000060ea00000, 0x000000060ea00000, 0x000000060ec00000|  0%| F|  |TAMS 0x000000060ea00000, 0x000000060ea00000| Untracked 
|  83|0x000000060ec00000, 0x000000060ec00000, 0x000000060ee00000|  0%| F|  |TAMS 0x000000060ec00000, 0x000000060ec00000| Untracked 
|  84|0x000000060ee00000, 0x000000060ee00000, 0x000000060f000000|  0%| F|  |TAMS 0x000000060ee00000, 0x000000060ee00000| Untracked 
|  85|0x000000060f000000, 0x000000060f000000, 0x000000060f200000|  0%| F|  |TAMS 0x000000060f000000, 0x000000060f000000| Untracked 
|  86|0x000000060f200000, 0x000000060f200000, 0x000000060f400000|  0%| F|  |TAMS 0x000000060f200000, 0x000000060f200000| Untracked 
|  87|0x000000060f400000, 0x000000060f400000, 0x000000060f600000|  0%| F|  |TAMS 0x000000060f400000, 0x000000060f400000| Untracked 
|  88|0x000000060f600000, 0x000000060f600000, 0x000000060f800000|  0%| F|  |TAMS 0x000000060f600000, 0x000000060f600000| Untracked 
|  89|0x000000060f800000, 0x000000060f800000, 0x000000060fa00000|  0%| F|  |TAMS 0x000000060f800000, 0x000000060f800000| Untracked 
|  90|0x000000060fa00000, 0x000000060fa00000, 0x000000060fc00000|  0%| F|  |TAMS 0x000000060fa00000, 0x000000060fa00000| Untracked 
|  91|0x000000060fc00000, 0x000000060fc00000, 0x000000060fe00000|  0%| F|  |TAMS 0x000000060fc00000, 0x000000060fc00000| Untracked 
|  92|0x000000060fe00000, 0x000000060fe00000, 0x0000000610000000|  0%| F|  |TAMS 0x000000060fe00000, 0x000000060fe00000| Untracked 
|  93|0x0000000610000000, 0x0000000610000000, 0x0000000610200000|  0%| F|  |TAMS 0x0000000610000000, 0x0000000610000000| Untracked 
|  94|0x0000000610200000, 0x0000000610200000, 0x0000000610400000|  0%| F|  |TAMS 0x0000000610200000, 0x0000000610200000| Untracked 
|  95|0x0000000610400000, 0x0000000610400000, 0x0000000610600000|  0%| F|  |TAMS 0x0000000610400000, 0x0000000610400000| Untracked 
|  96|0x0000000610600000, 0x0000000610600000, 0x0000000610800000|  0%| F|  |TAMS 0x0000000610600000, 0x0000000610600000| Untracked 
|  97|0x0000000610800000, 0x0000000610800000, 0x0000000610a00000|  0%| F|  |TAMS 0x0000000610800000, 0x0000000610800000| Untracked 
|  98|0x0000000610a00000, 0x0000000610a00000, 0x0000000610c00000|  0%| F|  |TAMS 0x0000000610a00000, 0x0000000610a00000| Untracked 
|  99|0x0000000610c00000, 0x0000000610c00000, 0x0000000610e00000|  0%| F|  |TAMS 0x0000000610c00000, 0x0000000610c00000| Untracked 
| 100|0x0000000610e00000, 0x0000000610e00000, 0x0000000611000000|  0%| F|  |TAMS 0x0000000610e00000, 0x0000000610e00000| Untracked 
| 101|0x0000000611000000, 0x0000000611000000, 0x0000000611200000|  0%| F|  |TAMS 0x0000000611000000, 0x0000000611000000| Untracked 
| 102|0x0000000611200000, 0x0000000611200000, 0x0000000611400000|  0%| F|  |TAMS 0x0000000611200000, 0x0000000611200000| Untracked 
| 103|0x0000000611400000, 0x0000000611400000, 0x0000000611600000|  0%| F|  |TAMS 0x0000000611400000, 0x0000000611400000| Untracked 
| 104|0x0000000611600000, 0x0000000611600000, 0x0000000611800000|  0%| F|  |TAMS 0x0000000611600000, 0x0000000611600000| Untracked 
| 105|0x0000000611800000, 0x0000000611800000, 0x0000000611a00000|  0%| F|  |TAMS 0x0000000611800000, 0x0000000611800000| Untracked 
| 106|0x0000000611a00000, 0x0000000611a00000, 0x0000000611c00000|  0%| F|  |TAMS 0x0000000611a00000, 0x0000000611a00000| Untracked 
| 107|0x0000000611c00000, 0x0000000611c00000, 0x0000000611e00000|  0%| F|  |TAMS 0x0000000611c00000, 0x0000000611c00000| Untracked 
| 108|0x0000000611e00000, 0x0000000611e00000, 0x0000000612000000|  0%| F|  |TAMS 0x0000000611e00000, 0x0000000611e00000| Untracked 
| 109|0x0000000612000000, 0x0000000612000000, 0x0000000612200000|  0%| F|  |TAMS 0x0000000612000000, 0x0000000612000000| Untracked 
| 110|0x0000000612200000, 0x0000000612200000, 0x0000000612400000|  0%| F|  |TAMS 0x0000000612200000, 0x0000000612200000| Untracked 
| 111|0x0000000612400000, 0x0000000612400000, 0x0000000612600000|  0%| F|  |TAMS 0x0000000612400000, 0x0000000612400000| Untracked 
| 112|0x0000000612600000, 0x0000000612600000, 0x0000000612800000|  0%| F|  |TAMS 0x0000000612600000, 0x0000000612600000| Untracked 
| 113|0x0000000612800000, 0x0000000612800000, 0x0000000612a00000|  0%| F|  |TAMS 0x0000000612800000, 0x0000000612800000| Untracked 
| 114|0x0000000612a00000, 0x0000000612a00000, 0x0000000612c00000|  0%| F|  |TAMS 0x0000000612a00000, 0x0000000612a00000| Untracked 
| 115|0x0000000612c00000, 0x0000000612c00000, 0x0000000612e00000|  0%| F|  |TAMS 0x0000000612c00000, 0x0000000612c00000| Untracked 
| 116|0x0000000612e00000, 0x0000000612e00000, 0x0000000613000000|  0%| F|  |TAMS 0x0000000612e00000, 0x0000000612e00000| Untracked 
| 117|0x0000000613000000, 0x0000000613000000, 0x0000000613200000|  0%| F|  |TAMS 0x0000000613000000, 0x0000000613000000| Untracked 
| 118|0x0000000613200000, 0x0000000613200000, 0x0000000613400000|  0%| F|  |TAMS 0x0000000613200000, 0x0000000613200000| Untracked 
| 119|0x0000000613400000, 0x0000000613400000, 0x0000000613600000|  0%| F|  |TAMS 0x0000000613400000, 0x0000000613400000| Untracked 
| 120|0x0000000613600000, 0x0000000613600000, 0x0000000613800000|  0%| F|  |TAMS 0x0000000613600000, 0x0000000613600000| Untracked 
| 121|0x0000000613800000, 0x0000000613800000, 0x0000000613a00000|  0%| F|  |TAMS 0x0000000613800000, 0x0000000613800000| Untracked 
| 122|0x0000000613a00000, 0x0000000613a00000, 0x0000000613c00000|  0%| F|  |TAMS 0x0000000613a00000, 0x0000000613a00000| Untracked 
| 123|0x0000000613c00000, 0x0000000613c00000, 0x0000000613e00000|  0%| F|  |TAMS 0x0000000613c00000, 0x0000000613c00000| Untracked 
| 124|0x0000000613e00000, 0x0000000613e00000, 0x0000000614000000|  0%| F|  |TAMS 0x0000000613e00000, 0x0000000613e00000| Untracked 
| 125|0x0000000614000000, 0x0000000614000000, 0x0000000614200000|  0%| F|  |TAMS 0x0000000614000000, 0x0000000614000000| Untracked 
| 126|0x0000000614200000, 0x0000000614200000, 0x0000000614400000|  0%| F|  |TAMS 0x0000000614200000, 0x0000000614200000| Untracked 
| 127|0x0000000614400000, 0x0000000614400000, 0x0000000614600000|  0%| F|  |TAMS 0x0000000614400000, 0x0000000614400000| Untracked 
| 128|0x0000000614600000, 0x0000000614600000, 0x0000000614800000|  0%| F|  |TAMS 0x0000000614600000, 0x0000000614600000| Untracked 
| 129|0x0000000614800000, 0x0000000614800000, 0x0000000614a00000|  0%| F|  |TAMS 0x0000000614800000, 0x0000000614800000| Untracked 
| 130|0x0000000614a00000, 0x0000000614a00000, 0x0000000614c00000|  0%| F|  |TAMS 0x0000000614a00000, 0x0000000614a00000| Untracked 
| 131|0x0000000614c00000, 0x0000000614c00000, 0x0000000614e00000|  0%| F|  |TAMS 0x0000000614c00000, 0x0000000614c00000| Untracked 
| 132|0x0000000614e00000, 0x0000000614e00000, 0x0000000615000000|  0%| F|  |TAMS 0x0000000614e00000, 0x0000000614e00000| Untracked 
| 133|0x0000000615000000, 0x0000000615000000, 0x0000000615200000|  0%| F|  |TAMS 0x0000000615000000, 0x0000000615000000| Untracked 
| 134|0x0000000615200000, 0x0000000615200000, 0x0000000615400000|  0%| F|  |TAMS 0x0000000615200000, 0x0000000615200000| Untracked 
| 135|0x0000000615400000, 0x0000000615400000, 0x0000000615600000|  0%| F|  |TAMS 0x0000000615400000, 0x0000000615400000| Untracked 
| 136|0x0000000615600000, 0x0000000615600000, 0x0000000615800000|  0%| F|  |TAMS 0x0000000615600000, 0x0000000615600000| Untracked 
| 137|0x0000000615800000, 0x0000000615800000, 0x0000000615a00000|  0%| F|  |TAMS 0x0000000615800000, 0x0000000615800000| Untracked 
| 138|0x0000000615a00000, 0x0000000615a00000, 0x0000000615c00000|  0%| F|  |TAMS 0x0000000615a00000, 0x0000000615a00000| Untracked 
| 139|0x0000000615c00000, 0x0000000615c00000, 0x0000000615e00000|  0%| F|  |TAMS 0x0000000615c00000, 0x0000000615c00000| Untracked 
| 140|0x0000000615e00000, 0x0000000615e00000, 0x0000000616000000|  0%| F|  |TAMS 0x0000000615e00000, 0x0000000615e00000| Untracked 
| 141|0x0000000616000000, 0x0000000616000000, 0x0000000616200000|  0%| F|  |TAMS 0x0000000616000000, 0x0000000616000000| Untracked 
| 142|0x0000000616200000, 0x0000000616200000, 0x0000000616400000|  0%| F|  |TAMS 0x0000000616200000, 0x0000000616200000| Untracked 
| 143|0x0000000616400000, 0x0000000616400000, 0x0000000616600000|  0%| F|  |TAMS 0x0000000616400000, 0x0000000616400000| Untracked 
| 144|0x0000000616600000, 0x0000000616600000, 0x0000000616800000|  0%| F|  |TAMS 0x0000000616600000, 0x0000000616600000| Untracked 
| 145|0x0000000616800000, 0x0000000616800000, 0x0000000616a00000|  0%| F|  |TAMS 0x0000000616800000, 0x0000000616800000| Untracked 
| 146|0x0000000616a00000, 0x0000000616a00000, 0x0000000616c00000|  0%| F|  |TAMS 0x0000000616a00000, 0x0000000616a00000| Untracked 
| 147|0x0000000616c00000, 0x0000000616c00000, 0x0000000616e00000|  0%| F|  |TAMS 0x0000000616c00000, 0x0000000616c00000| Untracked 
| 148|0x0000000616e00000, 0x0000000616e00000, 0x0000000617000000|  0%| F|  |TAMS 0x0000000616e00000, 0x0000000616e00000| Untracked 
| 149|0x0000000617000000, 0x0000000617000000, 0x0000000617200000|  0%| F|  |TAMS 0x0000000617000000, 0x0000000617000000| Untracked 
| 150|0x0000000617200000, 0x0000000617200000, 0x0000000617400000|  0%| F|  |TAMS 0x0000000617200000, 0x0000000617200000| Untracked 
| 151|0x0000000617400000, 0x0000000617400000, 0x0000000617600000|  0%| F|  |TAMS 0x0000000617400000, 0x0000000617400000| Untracked 
| 152|0x0000000617600000, 0x0000000617600000, 0x0000000617800000|  0%| F|  |TAMS 0x0000000617600000, 0x0000000617600000| Untracked 
| 153|0x0000000617800000, 0x0000000617800000, 0x0000000617a00000|  0%| F|  |TAMS 0x0000000617800000, 0x0000000617800000| Untracked 
| 154|0x0000000617a00000, 0x0000000617a00000, 0x0000000617c00000|  0%| F|  |TAMS 0x0000000617a00000, 0x0000000617a00000| Untracked 
| 155|0x0000000617c00000, 0x0000000617c00000, 0x0000000617e00000|  0%| F|  |TAMS 0x0000000617c00000, 0x0000000617c00000| Untracked 
| 156|0x0000000617e00000, 0x0000000617e00000, 0x0000000618000000|  0%| F|  |TAMS 0x0000000617e00000, 0x0000000617e00000| Untracked 
| 157|0x0000000618000000, 0x0000000618000000, 0x0000000618200000|  0%| F|  |TAMS 0x0000000618000000, 0x0000000618000000| Untracked 
| 158|0x0000000618200000, 0x0000000618200000, 0x0000000618400000|  0%| F|  |TAMS 0x0000000618200000, 0x0000000618200000| Untracked 
| 159|0x0000000618400000, 0x0000000618400000, 0x0000000618600000|  0%| F|  |TAMS 0x0000000618400000, 0x0000000618400000| Untracked 
| 160|0x0000000618600000, 0x0000000618600000, 0x0000000618800000|  0%| F|  |TAMS 0x0000000618600000, 0x0000000618600000| Untracked 
| 161|0x0000000618800000, 0x0000000618800000, 0x0000000618a00000|  0%| F|  |TAMS 0x0000000618800000, 0x0000000618800000| Untracked 
| 162|0x0000000618a00000, 0x0000000618a00000, 0x0000000618c00000|  0%| F|  |TAMS 0x0000000618a00000, 0x0000000618a00000| Untracked 
| 163|0x0000000618c00000, 0x0000000618c00000, 0x0000000618e00000|  0%| F|  |TAMS 0x0000000618c00000, 0x0000000618c00000| Untracked 
| 164|0x0000000618e00000, 0x0000000618e00000, 0x0000000619000000|  0%| F|  |TAMS 0x0000000618e00000, 0x0000000618e00000| Untracked 
| 165|0x0000000619000000, 0x0000000619000000, 0x0000000619200000|  0%| F|  |TAMS 0x0000000619000000, 0x0000000619000000| Untracked 
| 166|0x0000000619200000, 0x0000000619200000, 0x0000000619400000|  0%| F|  |TAMS 0x0000000619200000, 0x0000000619200000| Untracked 
| 167|0x0000000619400000, 0x0000000619400000, 0x0000000619600000|  0%| F|  |TAMS 0x0000000619400000, 0x0000000619400000| Untracked 
| 168|0x0000000619600000, 0x0000000619600000, 0x0000000619800000|  0%| F|  |TAMS 0x0000000619600000, 0x0000000619600000| Untracked 
| 169|0x0000000619800000, 0x0000000619800000, 0x0000000619a00000|  0%| F|  |TAMS 0x0000000619800000, 0x0000000619800000| Untracked 
| 170|0x0000000619a00000, 0x0000000619a00000, 0x0000000619c00000|  0%| F|  |TAMS 0x0000000619a00000, 0x0000000619a00000| Untracked 
| 171|0x0000000619c00000, 0x0000000619c00000, 0x0000000619e00000|  0%| F|  |TAMS 0x0000000619c00000, 0x0000000619c00000| Untracked 
| 172|0x0000000619e00000, 0x0000000619e00000, 0x000000061a000000|  0%| F|  |TAMS 0x0000000619e00000, 0x0000000619e00000| Untracked 
| 173|0x000000061a000000, 0x000000061a000000, 0x000000061a200000|  0%| F|  |TAMS 0x000000061a000000, 0x000000061a000000| Untracked 
| 174|0x000000061a200000, 0x000000061a200000, 0x000000061a400000|  0%| F|  |TAMS 0x000000061a200000, 0x000000061a200000| Untracked 
| 175|0x000000061a400000, 0x000000061a400000, 0x000000061a600000|  0%| F|  |TAMS 0x000000061a400000, 0x000000061a400000| Untracked 
| 176|0x000000061a600000, 0x000000061a600000, 0x000000061a800000|  0%| F|  |TAMS 0x000000061a600000, 0x000000061a600000| Untracked 
| 177|0x000000061a800000, 0x000000061a800000, 0x000000061aa00000|  0%| F|  |TAMS 0x000000061a800000, 0x000000061a800000| Untracked 
| 178|0x000000061aa00000, 0x000000061aa00000, 0x000000061ac00000|  0%| F|  |TAMS 0x000000061aa00000, 0x000000061aa00000| Untracked 
| 179|0x000000061ac00000, 0x000000061ac00000, 0x000000061ae00000|  0%| F|  |TAMS 0x000000061ac00000, 0x000000061ac00000| Untracked 
| 180|0x000000061ae00000, 0x000000061ae00000, 0x000000061b000000|  0%| F|  |TAMS 0x000000061ae00000, 0x000000061ae00000| Untracked 
| 181|0x000000061b000000, 0x000000061b000000, 0x000000061b200000|  0%| F|  |TAMS 0x000000061b000000, 0x000000061b000000| Untracked 
| 182|0x000000061b200000, 0x000000061b200000, 0x000000061b400000|  0%| F|  |TAMS 0x000000061b200000, 0x000000061b200000| Untracked 
| 183|0x000000061b400000, 0x000000061b400000, 0x000000061b600000|  0%| F|  |TAMS 0x000000061b400000, 0x000000061b400000| Untracked 
| 184|0x000000061b600000, 0x000000061b600000, 0x000000061b800000|  0%| F|  |TAMS 0x000000061b600000, 0x000000061b600000| Untracked 
| 185|0x000000061b800000, 0x000000061b800000, 0x000000061ba00000|  0%| F|  |TAMS 0x000000061b800000, 0x000000061b800000| Untracked 
| 186|0x000000061ba00000, 0x000000061ba00000, 0x000000061bc00000|  0%| F|  |TAMS 0x000000061ba00000, 0x000000061ba00000| Untracked 
| 187|0x000000061bc00000, 0x000000061bc00000, 0x000000061be00000|  0%| F|  |TAMS 0x000000061bc00000, 0x000000061bc00000| Untracked 
| 188|0x000000061be00000, 0x000000061be00000, 0x000000061c000000|  0%| F|  |TAMS 0x000000061be00000, 0x000000061be00000| Untracked 
| 189|0x000000061c000000, 0x000000061c000000, 0x000000061c200000|  0%| F|  |TAMS 0x000000061c000000, 0x000000061c000000| Untracked 
| 190|0x000000061c200000, 0x000000061c200000, 0x000000061c400000|  0%| F|  |TAMS 0x000000061c200000, 0x000000061c200000| Untracked 
| 191|0x000000061c400000, 0x000000061c400000, 0x000000061c600000|  0%| F|  |TAMS 0x000000061c400000, 0x000000061c400000| Untracked 
| 192|0x000000061c600000, 0x000000061c600000, 0x000000061c800000|  0%| F|  |TAMS 0x000000061c600000, 0x000000061c600000| Untracked 
| 193|0x000000061c800000, 0x000000061c800000, 0x000000061ca00000|  0%| F|  |TAMS 0x000000061c800000, 0x000000061c800000| Untracked 
| 194|0x000000061ca00000, 0x000000061ca00000, 0x000000061cc00000|  0%| F|  |TAMS 0x000000061ca00000, 0x000000061ca00000| Untracked 
| 195|0x000000061cc00000, 0x000000061cc00000, 0x000000061ce00000|  0%| F|  |TAMS 0x000000061cc00000, 0x000000061cc00000| Untracked 
| 196|0x000000061ce00000, 0x000000061ce00000, 0x000000061d000000|  0%| F|  |TAMS 0x000000061ce00000, 0x000000061ce00000| Untracked 
| 197|0x000000061d000000, 0x000000061d000000, 0x000000061d200000|  0%| F|  |TAMS 0x000000061d000000, 0x000000061d000000| Untracked 
| 198|0x000000061d200000, 0x000000061d200000, 0x000000061d400000|  0%| F|  |TAMS 0x000000061d200000, 0x000000061d200000| Untracked 
| 199|0x000000061d400000, 0x000000061d400000, 0x000000061d600000|  0%| F|  |TAMS 0x000000061d400000, 0x000000061d400000| Untracked 
| 200|0x000000061d600000, 0x000000061d600000, 0x000000061d800000|  0%| F|  |TAMS 0x000000061d600000, 0x000000061d600000| Untracked 
| 201|0x000000061d800000, 0x000000061d800000, 0x000000061da00000|  0%| F|  |TAMS 0x000000061d800000, 0x000000061d800000| Untracked 
| 202|0x000000061da00000, 0x000000061da00000, 0x000000061dc00000|  0%| F|  |TAMS 0x000000061da00000, 0x000000061da00000| Untracked 
| 203|0x000000061dc00000, 0x000000061dc00000, 0x000000061de00000|  0%| F|  |TAMS 0x000000061dc00000, 0x000000061dc00000| Untracked 
| 204|0x000000061de00000, 0x000000061dedcb90, 0x000000061e000000| 43%| S|CS|TAMS 0x000000061de00000, 0x000000061de00000| Complete 
| 205|0x000000061e000000, 0x000000061e200000, 0x000000061e200000|100%| S|CS|TAMS 0x000000061e000000, 0x000000061e000000| Complete 
| 206|0x000000061e200000, 0x000000061e400000, 0x000000061e400000|100%| S|CS|TAMS 0x000000061e200000, 0x000000061e200000| Complete 
| 207|0x000000061e400000, 0x000000061e600000, 0x000000061e600000|100%| S|CS|TAMS 0x000000061e400000, 0x000000061e400000| Complete 
| 208|0x000000061e600000, 0x000000061e800000, 0x000000061e800000|100%| S|CS|TAMS 0x000000061e600000, 0x000000061e600000| Complete 
| 209|0x000000061e800000, 0x000000061e800000, 0x000000061ea00000|  0%| F|  |TAMS 0x000000061e800000, 0x000000061e800000| Untracked 
| 210|0x000000061ea00000, 0x000000061ea00000, 0x000000061ec00000|  0%| F|  |TAMS 0x000000061ea00000, 0x000000061ea00000| Untracked 
| 211|0x000000061ec00000, 0x000000061ec00000, 0x000000061ee00000|  0%| F|  |TAMS 0x000000061ec00000, 0x000000061ec00000| Untracked 
| 212|0x000000061ee00000, 0x000000061ee00000, 0x000000061f000000|  0%| F|  |TAMS 0x000000061ee00000, 0x000000061ee00000| Untracked 
| 213|0x000000061f000000, 0x000000061f000000, 0x000000061f200000|  0%| F|  |TAMS 0x000000061f000000, 0x000000061f000000| Untracked 
| 214|0x000000061f200000, 0x000000061f200000, 0x000000061f400000|  0%| F|  |TAMS 0x000000061f200000, 0x000000061f200000| Untracked 
| 215|0x000000061f400000, 0x000000061f400000, 0x000000061f600000|  0%| F|  |TAMS 0x000000061f400000, 0x000000061f400000| Untracked 
| 216|0x000000061f600000, 0x000000061f600000, 0x000000061f800000|  0%| F|  |TAMS 0x000000061f600000, 0x000000061f600000| Untracked 
| 217|0x000000061f800000, 0x000000061f800000, 0x000000061fa00000|  0%| F|  |TAMS 0x000000061f800000, 0x000000061f800000| Untracked 
| 218|0x000000061fa00000, 0x000000061fa00000, 0x000000061fc00000|  0%| F|  |TAMS 0x000000061fa00000, 0x000000061fa00000| Untracked 
| 219|0x000000061fc00000, 0x000000061fc00000, 0x000000061fe00000|  0%| F|  |TAMS 0x000000061fc00000, 0x000000061fc00000| Untracked 
| 220|0x000000061fe00000, 0x000000061fe00000, 0x0000000620000000|  0%| F|  |TAMS 0x000000061fe00000, 0x000000061fe00000| Untracked 
| 221|0x0000000620000000, 0x0000000620000000, 0x0000000620200000|  0%| F|  |TAMS 0x0000000620000000, 0x0000000620000000| Untracked 
| 222|0x0000000620200000, 0x0000000620200000, 0x0000000620400000|  0%| F|  |TAMS 0x0000000620200000, 0x0000000620200000| Untracked 
| 223|0x0000000620400000, 0x0000000620400000, 0x0000000620600000|  0%| F|  |TAMS 0x0000000620400000, 0x0000000620400000| Untracked 
| 224|0x0000000620600000, 0x0000000620600000, 0x0000000620800000|  0%| F|  |TAMS 0x0000000620600000, 0x0000000620600000| Untracked 
| 225|0x0000000620800000, 0x0000000620800000, 0x0000000620a00000|  0%| F|  |TAMS 0x0000000620800000, 0x0000000620800000| Untracked 
| 226|0x0000000620a00000, 0x0000000620b105b0, 0x0000000620c00000| 53%| E|  |TAMS 0x0000000620a00000, 0x0000000620a00000| Complete 
| 227|0x0000000620c00000, 0x0000000620e00000, 0x0000000620e00000|100%| E|CS|TAMS 0x0000000620c00000, 0x0000000620c00000| Complete 
| 228|0x0000000620e00000, 0x0000000621000000, 0x0000000621000000|100%| E|CS|TAMS 0x0000000620e00000, 0x0000000620e00000| Complete 
| 229|0x0000000621000000, 0x0000000621200000, 0x0000000621200000|100%| E|  |TAMS 0x0000000621000000, 0x0000000621000000| Complete 
| 230|0x0000000621200000, 0x0000000621400000, 0x0000000621400000|100%| E|CS|TAMS 0x0000000621200000, 0x0000000621200000| Complete 
| 231|0x0000000621400000, 0x0000000621600000, 0x0000000621600000|100%| E|CS|TAMS 0x0000000621400000, 0x0000000621400000| Complete 
| 232|0x0000000621600000, 0x0000000621800000, 0x0000000621800000|100%| E|CS|TAMS 0x0000000621600000, 0x0000000621600000| Complete 
| 233|0x0000000621800000, 0x0000000621a00000, 0x0000000621a00000|100%| E|CS|TAMS 0x0000000621800000, 0x0000000621800000| Complete 
| 234|0x0000000621a00000, 0x0000000621c00000, 0x0000000621c00000|100%| E|CS|TAMS 0x0000000621a00000, 0x0000000621a00000| Complete 
| 235|0x0000000621c00000, 0x0000000621e00000, 0x0000000621e00000|100%| E|CS|TAMS 0x0000000621c00000, 0x0000000621c00000| Complete 
| 236|0x0000000621e00000, 0x0000000622000000, 0x0000000622000000|100%| E|CS|TAMS 0x0000000621e00000, 0x0000000621e00000| Complete 
| 237|0x0000000622000000, 0x0000000622200000, 0x0000000622200000|100%| E|CS|TAMS 0x0000000622000000, 0x0000000622000000| Complete 
| 238|0x0000000622200000, 0x0000000622400000, 0x0000000622400000|100%| E|CS|TAMS 0x0000000622200000, 0x0000000622200000| Complete 
| 239|0x0000000622400000, 0x0000000622600000, 0x0000000622600000|100%| E|CS|TAMS 0x0000000622400000, 0x0000000622400000| Complete 
| 240|0x0000000622600000, 0x0000000622800000, 0x0000000622800000|100%| E|CS|TAMS 0x0000000622600000, 0x0000000622600000| Complete 
| 241|0x0000000622800000, 0x0000000622a00000, 0x0000000622a00000|100%| E|CS|TAMS 0x0000000622800000, 0x0000000622800000| Complete 
| 242|0x0000000622a00000, 0x0000000622c00000, 0x0000000622c00000|100%| E|CS|TAMS 0x0000000622a00000, 0x0000000622a00000| Complete 
| 243|0x0000000622c00000, 0x0000000622e00000, 0x0000000622e00000|100%| E|CS|TAMS 0x0000000622c00000, 0x0000000622c00000| Complete 
| 244|0x0000000622e00000, 0x0000000623000000, 0x0000000623000000|100%| E|CS|TAMS 0x0000000622e00000, 0x0000000622e00000| Complete 
| 245|0x0000000623000000, 0x0000000623200000, 0x0000000623200000|100%| E|CS|TAMS 0x0000000623000000, 0x0000000623000000| Complete 
| 246|0x0000000623200000, 0x0000000623400000, 0x0000000623400000|100%| E|CS|TAMS 0x0000000623200000, 0x0000000623200000| Complete 
| 247|0x0000000623400000, 0x0000000623600000, 0x0000000623600000|100%| E|CS|TAMS 0x0000000623400000, 0x0000000623400000| Complete 
| 248|0x0000000623600000, 0x0000000623800000, 0x0000000623800000|100%| E|CS|TAMS 0x0000000623600000, 0x0000000623600000| Complete 
| 249|0x0000000623800000, 0x0000000623a00000, 0x0000000623a00000|100%| E|CS|TAMS 0x0000000623800000, 0x0000000623800000| Complete 
| 250|0x0000000623a00000, 0x0000000623c00000, 0x0000000623c00000|100%| E|CS|TAMS 0x0000000623a00000, 0x0000000623a00000| Complete 
| 251|0x0000000623c00000, 0x0000000623e00000, 0x0000000623e00000|100%| E|CS|TAMS 0x0000000623c00000, 0x0000000623c00000| Complete 
| 252|0x0000000623e00000, 0x0000000624000000, 0x0000000624000000|100%| E|CS|TAMS 0x0000000623e00000, 0x0000000623e00000| Complete 
| 253|0x0000000624000000, 0x0000000624200000, 0x0000000624200000|100%| E|CS|TAMS 0x0000000624000000, 0x0000000624000000| Complete 

Card table byte_map: [0x0000025ff4890000,0x0000025ff5870000] _byte_map_base: 0x0000025ff186d000

Marking Bits (Prev, Next): (CMBitMap*) 0x0000025fdb97ae18, (CMBitMap*) 0x0000025fdb97ae50
 Prev Bits: [0x0000025ff6850000, 0x0000025ffe738000)
 Next Bits: [0x0000025f80000000, 0x0000025f87ee8000)

Polling page: 0x0000025fd9850000

Metaspace:

Usage:
  Non-class:     36.15 MB capacity,    35.78 MB ( 99%) used,   276.79 KB ( <1%) free+waste,    94.38 KB ( <1%) overhead. 
      Class:      4.25 MB capacity,     3.93 MB ( 92%) used,   285.64 KB (  7%) free+waste,    42.94 KB ( <1%) overhead. 
       Both:     40.39 MB capacity,    39.71 MB ( 98%) used,   562.43 KB (  1%) free+waste,   137.31 KB ( <1%) overhead. 

Virtual space:
  Non-class space:       38.00 MB reserved,      36.33 MB ( 96%) committed 
      Class space:        1.00 GB reserved,       4.25 MB ( <1%) committed 
             Both:        1.04 GB reserved,      40.58 MB (  4%) committed 

Chunk freelists:
   Non-Class:  59.00 KB
       Class:  1.00 KB
        Both:  60.00 KB

MaxMetaspaceSize: 17179869184.00 GB
CompressedClassSpaceSize: 1.00 GB
Initial GC threshold: 20.80 MB
Current GC threshold: 58.88 MB
CDS: off

CodeHeap 'non-profiled nmethods': size=119168Kb used=2254Kb max_used=2254Kb free=116913Kb
 bounds [0x0000025febbd0000, 0x0000025febe40000, 0x0000025ff3030000]
CodeHeap 'profiled nmethods': size=119168Kb used=10665Kb max_used=10665Kb free=108503Kb
 bounds [0x0000025fe4770000, 0x0000025fe51e0000, 0x0000025febbd0000]
CodeHeap 'non-nmethods': size=7424Kb used=1755Kb max_used=3501Kb free=5668Kb
 bounds [0x0000025fe4030000, 0x0000025fe43b0000, 0x0000025fe4770000]
 total_blobs=5557 nmethods=4487 adapters=990
 compilation: enabled
              stopped_count=0, restarted_count=0
 full_count=0

Compilation events (20 events):
Event: 7.098 Thread 0x0000025fffa7b000 4478       3       javax.swing.TimerQueue$DelayedTimer::getDelay (16 bytes)
Event: 7.098 Thread 0x0000025fffa7b000 nmethod 4478 0x0000025fe51d6410 code [0x0000025fe51d65e0, 0x0000025fe51d67e8]
Event: 8.677 Thread 0x0000025fffa76000 4479       3       sun.awt.EventQueueItem::<init> (10 bytes)
Event: 8.678 Thread 0x0000025fffa76000 nmethod 4479 0x0000025fe51d6910 code [0x0000025fe51d6ac0, 0x0000025fe51d6c78]
Event: 9.773 Thread 0x0000025fffa76000 4480       3       java.util.PriorityQueue::offer (58 bytes)
Event: 9.773 Thread 0x0000025fffa76000 nmethod 4480 0x0000025fe51d6d10 code [0x0000025fe51d6f20, 0x0000025fe51d7318]
Event: 9.773 Thread 0x0000025fffa76000 4481       3       java.util.PriorityQueue::siftUp (33 bytes)
Event: 9.773 Thread 0x0000025fffa76000 nmethod 4481 0x0000025fe51d7510 code [0x0000025fe51d76e0, 0x0000025fe51d78b8]
Event: 9.960 Thread 0x0000025fffa76000 4482       3       java.util.concurrent.locks.ReentrantLock::lockInterruptibly (9 bytes)
Event: 9.961 Thread 0x0000025fffa76000 nmethod 4482 0x0000025fe51d7990 code [0x0000025fe51d7ba0, 0x0000025fe51d7ff8]
Event: 9.961 Thread 0x0000025fffa76000 4483       3       java.util.concurrent.locks.AbstractQueuedSynchronizer::acquireInterruptibly (28 bytes)
Event: 9.961 Thread 0x0000025fffa76000 nmethod 4483 0x0000025fe51d8190 code [0x0000025fe51d83a0, 0x0000025fe51d8798]
Event: 10.084 Thread 0x0000025fffa76000 4484       3       java.util.concurrent.atomic.AtomicBoolean::compareAndSet (26 bytes)
Event: 10.084 Thread 0x0000025fffa76000 nmethod 4484 0x0000025fe51d8910 code [0x0000025fe51d8b40, 0x0000025fe51d91d8]
Event: 11.096 Thread 0x0000025fffa76000 4485       3       java.util.concurrent.locks.ReentrantLock::newCondition (8 bytes)
Event: 11.097 Thread 0x0000025fffa76000 nmethod 4485 0x0000025fe51d9490 code [0x0000025fe51d9660, 0x0000025fe51d9958]
Event: 11.097 Thread 0x0000025fffa76000 4486       3       java.util.concurrent.locks.ReentrantLock$Sync::newCondition (9 bytes)
Event: 11.097 Thread 0x0000025fffa76000 nmethod 4486 0x0000025fe51d9a90 code [0x0000025fe51d9c60, 0x0000025fe51d9ed8]
Event: 11.097 Thread 0x0000025fffa76000 4487       3       java.util.concurrent.locks.AbstractQueuedSynchronizer$ConditionObject::<init> (10 bytes)
Event: 11.097 Thread 0x0000025fffa76000 nmethod 4487 0x0000025fe51da010 code [0x0000025fe51da1c0, 0x0000025fe51da378]

GC Heap History (8 events):
Event: 0.293 GC heap before
{Heap before GC invocations=0 (full 0):
 garbage-first heap   total 520192K, used 22528K [0x0000000604600000, 0x0000000800000000)
  region size 2048K, 12 young (24576K), 0 survivors (0K)
 Metaspace       used 10020K, capacity 10196K, committed 10240K, reserved 1058816K
  class space    used 938K, capacity 997K, committed 1024K, reserved 1048576K
}
Event: 0.295 GC heap after
{Heap after GC invocations=1 (full 0):
 garbage-first heap   total 520192K, used 2204K [0x0000000604600000, 0x0000000800000000)
  region size 2048K, 2 young (4096K), 2 survivors (4096K)
 Metaspace       used 10020K, capacity 10196K, committed 10240K, reserved 1058816K
  class space    used 938K, capacity 997K, committed 1024K, reserved 1048576K
}
Event: 0.861 GC heap before
{Heap before GC invocations=1 (full 0):
 garbage-first heap   total 520192K, used 30876K [0x0000000604600000, 0x0000000800000000)
  region size 2048K, 17 young (34816K), 2 survivors (4096K)
 Metaspace       used 20604K, capacity 21019K, committed 21296K, reserved 1069056K
  class space    used 1895K, capacity 2085K, committed 2176K, reserved 1048576K
}
Event: 0.866 GC heap after
{Heap after GC invocations=2 (full 0):
 garbage-first heap   total 520192K, used 3360K [0x0000000604600000, 0x0000000800000000)
  region size 2048K, 2 young (4096K), 2 survivors (4096K)
 Metaspace       used 20604K, capacity 21019K, committed 21296K, reserved 1069056K
  class space    used 1895K, capacity 2085K, committed 2176K, reserved 1048576K
}
Event: 1.634 GC heap before
{Heap before GC invocations=3 (full 0):
 garbage-first heap   total 520192K, used 177440K [0x0000000604600000, 0x0000000800000000)
  region size 2048K, 87 young (178176K), 2 survivors (4096K)
 Metaspace       used 28093K, capacity 28533K, committed 28592K, reserved 1075200K
  class space    used 2600K, capacity 2812K, committed 2816K, reserved 1048576K
}
Event: 1.639 GC heap after
{Heap after GC invocations=4 (full 0):
 garbage-first heap   total 520192K, used 7601K [0x0000000604600000, 0x0000000800000000)
  region size 2048K, 4 young (8192K), 4 survivors (8192K)
 Metaspace       used 28093K, capacity 28533K, committed 28592K, reserved 1075200K
  class space    used 2600K, capacity 2812K, committed 2816K, reserved 1048576K
}
Event: 1.857 GC heap before
{Heap before GC invocations=4 (full 0):
 garbage-first heap   total 520192K, used 95665K [0x0000000604600000, 0x0000000800000000)
  region size 2048K, 49 young (100352K), 4 survivors (8192K)
 Metaspace       used 35155K, capacity 35756K, committed 35920K, reserved 1081344K
  class space    used 3509K, capacity 3766K, committed 3840K, reserved 1048576K
}
Event: 1.864 GC heap after
{Heap after GC invocations=5 (full 0):
 garbage-first heap   total 520192K, used 9074K [0x0000000604600000, 0x0000000800000000)
  region size 2048K, 5 young (10240K), 5 survivors (10240K)
 Metaspace       used 35155K, capacity 35756K, committed 35920K, reserved 1081344K
  class space    used 3509K, capacity 3766K, committed 3840K, reserved 1048576K
}

Deoptimization events (20 events):
Event: 2.884 Thread 0x0000025f995b0800 DEOPT PACKING pc=0x0000025fe51a4b35 sp=0x000000cb4d0fee30
Event: 2.884 Thread 0x0000025f995b0800 DEOPT UNPACKING pc=0x0000025fe4079d0e sp=0x000000cb4d0fe2c8 mode 0
Event: 2.884 Thread 0x0000025f995b2000 DEOPT PACKING pc=0x0000025fe51a4b35 sp=0x000000cb4d1fe610
Event: 2.884 Thread 0x0000025f995b2000 DEOPT UNPACKING pc=0x0000025fe4079d0e sp=0x000000cb4d1fdaa8 mode 0
Event: 2.886 Thread 0x0000025f995b2000 DEOPT PACKING pc=0x0000025fe5181dc2 sp=0x000000cb4d1fe8e0
Event: 2.886 Thread 0x0000025f995b2000 DEOPT UNPACKING pc=0x0000025fe4079d0e sp=0x000000cb4d1fdd70 mode 0
Event: 2.889 Thread 0x0000025f995b2000 DEOPT PACKING pc=0x0000025fe5181dc2 sp=0x000000cb4d1fe8e0
Event: 2.889 Thread 0x0000025f995b2000 DEOPT UNPACKING pc=0x0000025fe4079d0e sp=0x000000cb4d1fdd70 mode 0
Event: 2.891 Thread 0x0000025f995af800 DEOPT PACKING pc=0x0000025fe5181dc2 sp=0x000000cb4d2fec50
Event: 2.891 Thread 0x0000025f995af800 DEOPT UNPACKING pc=0x0000025fe4079d0e sp=0x000000cb4d2fe0e0 mode 0
Event: 2.893 Thread 0x0000025f995b0800 DEOPT PACKING pc=0x0000025fe5181dc2 sp=0x000000cb4d0ff100
Event: 2.893 Thread 0x0000025f995b0800 DEOPT UNPACKING pc=0x0000025fe4079d0e sp=0x000000cb4d0fe590 mode 0
Event: 2.893 Thread 0x0000025f995b0800 DEOPT PACKING pc=0x0000025fe5181dc2 sp=0x000000cb4d0ff100
Event: 2.893 Thread 0x0000025f995b0800 DEOPT UNPACKING pc=0x0000025fe4079d0e sp=0x000000cb4d0fe590 mode 0
Event: 2.893 Thread 0x0000025f995b3000 DEOPT PACKING pc=0x0000025fe51a4b35 sp=0x000000cb4cffe8b0
Event: 2.894 Thread 0x0000025f995b3000 DEOPT UNPACKING pc=0x0000025fe4079d0e sp=0x000000cb4cffdd48 mode 0
Event: 2.894 Thread 0x0000025f995b3000 DEOPT PACKING pc=0x0000025fe51a4b35 sp=0x000000cb4cffe8b0
Event: 2.894 Thread 0x0000025f995b3000 DEOPT UNPACKING pc=0x0000025fe4079d0e sp=0x000000cb4cffdd48 mode 0
Event: 7.302 Thread 0x0000025f995b1000 DEOPT PACKING pc=0x0000025fe51b3d19 sp=0x000000cb4d3fe7f0
Event: 7.302 Thread 0x0000025f995b1000 DEOPT UNPACKING pc=0x0000025fe4079d0e sp=0x000000cb4d3fdca8 mode 1

Classes redefined (0 events):
No events

Internal exceptions (20 events):
Event: 1.341 Thread 0x0000025fdb8ee800 Exception <a 'java/lang/NoSuchMethodError'{0x0000000622a51798}: 'java.lang.Object java.lang.invoke.DirectMethodHandle$Holder.invokeStatic(java.lang.Object, java.lang.Object, java.lang.Object, java.lang.Object, java.lang.Object, java.lang.Object, java.lang.Object, java.lang.Object, java.lang.Object, java.lang.Object, java.lang.Object, int, int)'> (0x0000000622a51798) thrown at [./src/hotspot/share/interpreter/linkResolver.cpp, line 773]
Event: 1.342 Thread 0x0000025fdb8ee800 Exception <a 'java/lang/NoSuchMethodError'{0x0000000622a70528}: 'java.lang.Object java.lang.invoke.DirectMethodHandle$Holder.invokeStatic(java.lang.Object, java.lang.Object, java.lang.Object, java.lang.Object, java.lang.Object, java.lang.Object, java.lang.Object, java.lang.Object, java.lang.Object, java.lang.Object, java.lang.Object, int, int, java.lang.Object)'> (0x0000000622a70528) thrown at [./src/hotspot/share/interpreter/linkResolver.cpp, line 773]
Event: 1.343 Thread 0x0000025fdb8ee800 Exception <a 'java/lang/NoSuchMethodError'{0x0000000622a909e0}: 'java.lang.Object java.lang.invoke.DirectMethodHandle$Holder.invokeStatic(java.lang.Object, java.lang.Object, java.lang.Object, java.lang.Object, java.lang.Object, java.lang.Object, java.lang.Object, java.lang.Object, java.lang.Object, java.lang.Object, java.lang.Object, int, int, java.lang.Object, java.lang.Object)'> (0x0000000622a909e0) thrown at [./src/hotspot/share/interpreter/linkResolver.cpp, line 773]
Event: 1.522 Thread 0x0000025f8bd34800 Exception <a 'sun/nio/fs/WindowsException'{0x0000000620170d10}> (0x0000000620170d10) thrown at [./src/hotspot/share/prims/jni.cpp, line 616]
Event: 1.528 Thread 0x0000025f8bd34800 Exception <a 'java/lang/NoSuchMethodError'{0x000000062018f090}: 'int java.lang.invoke.DirectMethodHandle$Holder.invokeStaticInit(java.lang.Object, java.lang.Object, java.lang.Object, java.lang.Object)'> (0x000000062018f090) thrown at [./src/hotspot/share/interpreter/linkResolver.cpp, line 773]
Event: 1.529 Thread 0x0000025f8bd34800 Exception <a 'java/lang/IncompatibleClassChangeError'{0x0000000620198380}: Found class java.lang.Object, but interface was expected> (0x0000000620198380) thrown at [./src/hotspot/share/interpreter/linkResolver.cpp, line 839]
Event: 1.529 Thread 0x0000025f8bd34800 Exception <a 'java/lang/NoSuchMethodError'{0x000000061fa02888}: 'void java.lang.invoke.DirectMethodHandle$Holder.invokeStaticInit(java.lang.Object, java.lang.Object)'> (0x000000061fa02888) thrown at [./src/hotspot/share/interpreter/linkResolver.cpp, line 773]
Event: 1.530 Thread 0x0000025f8bd34800 Exception <a 'java/lang/NoSuchMethodError'{0x000000061fa08178}: 'int java.lang.invoke.DirectMethodHandle$Holder.invokeStaticInit(java.lang.Object, java.lang.Object)'> (0x000000061fa08178) thrown at [./src/hotspot/share/interpreter/linkResolver.cpp, line 773]
Event: 1.782 Thread 0x0000025f8ae03800 Exception <a 'java/lang/NoSuchMethodError'{0x000000061ee94ff0}: 'void java.lang.invoke.DirectMethodHandle$Holder.invokeVirtual(java.lang.Object, java.lang.Object)'> (0x000000061ee94ff0) thrown at [./src/hotspot/share/interpreter/linkResolver.cpp, line 773]
Event: 1.792 Thread 0x0000025fdb8ee800 Exception <a 'java/lang/NoSuchMethodError'{0x000000061f1e8e48}: 'void java.lang.invoke.DirectMethodHandle$Holder.invokeStaticInit(java.lang.Object)'> (0x000000061f1e8e48) thrown at [./src/hotspot/share/interpreter/linkResolver.cpp, line 773]
Event: 1.817 Thread 0x0000025fdb8ee800 Exception <a 'java/lang/NoSuchMethodError'{0x000000061ed906f8}: 'java.lang.Object java.lang.invoke.Invokers$Holder.linkToTargetMethod(java.lang.Object, int, java.lang.Object)'> (0x000000061ed906f8) thrown at [./src/hotspot/share/interpreter/linkResolver.cpp, line 773]
Event: 2.094 Thread 0x0000025f995b3000 Exception <a 'java/lang/NoSuchMethodError'{0x00000006230c3af8}: 'java.lang.Object java.lang.invoke.DirectMethodHandle$Holder.invokeSpecial(java.lang.Object, java.lang.Object, int, int, java.lang.Object, int, int, int)'> (0x00000006230c3af8) thrown at [./src/hotspot/share/interpreter/linkResolver.cpp, line 773]
Event: 2.094 Thread 0x0000025f995b0800 Exception <a 'java/lang/NoSuchMethodError'{0x0000000623110740}: 'java.lang.Object java.lang.invoke.DirectMethodHandle$Holder.invokeSpecial(java.lang.Object, java.lang.Object, int, int, java.lang.Object, int, int, int)'> (0x0000000623110740) thrown at [./src/hotspot/share/interpreter/linkResolver.cpp, line 773]
Event: 2.095 Thread 0x0000025f995b0800 Exception <a 'java/lang/NoSuchMethodError'{0x0000000623113b08}: 'java.lang.Object java.lang.invoke.DelegatingMethodHandle$Holder.reinvoke_L(java.lang.Object, int, int, java.lang.Object, int, int, int)'> (0x0000000623113b08) thrown at [./src/hotspot/share/interpreter/linkResolver.cpp, line 773]
Event: 2.095 Thread 0x0000025f995b3000 Exception <a 'java/lang/NoSuchMethodError'{0x00000006230c6f38}: 'java.lang.Object java.lang.invoke.DelegatingMethodHandle$Holder.reinvoke_L(java.lang.Object, int, int, java.lang.Object, int, int, int)'> (0x00000006230c6f38) thrown at [./src/hotspot/share/interpreter/linkResolver.cpp, line 773]
Event: 2.098 Thread 0x0000025f995b0800 Exception <a 'java/lang/NoSuchMethodError'{0x0000000623145c60}: 'java.lang.Object java.lang.invoke.DirectMethodHandle$Holder.invokeStatic(java.lang.Object, java.lang.Object, java.lang.Object, java.lang.Object, java.lang.Object, java.lang.Object, java.lang.Object, java.lang.Object, int, int, java.lang.Object)'> (0x0000000623145c60) thrown at [./src/hotspot/share/interpreter/linkResolver.cpp, line 773]
Event: 2.099 Thread 0x0000025f995b0800 Exception <a 'java/lang/NoSuchMethodError'{0x000000062314fce8}: 'java.lang.Object java.lang.invoke.DirectMethodHandle$Holder.invokeSpecial(java.lang.Object, java.lang.Object, java.lang.Object, int, int, int)'> (0x000000062314fce8) thrown at [./src/hotspot/share/interpreter/linkResolver.cpp, line 773]
Event: 2.099 Thread 0x0000025f995b3000 Exception <a 'java/lang/NoSuchMethodError'{0x00000006230e7de8}: 'java.lang.Object java.lang.invoke.DirectMethodHandle$Holder.invokeSpecial(java.lang.Object, java.lang.Object, java.lang.Object, int, int, int)'> (0x00000006230e7de8) thrown at [./src/hotspot/share/interpreter/linkResolver.cpp, line 773]
Event: 2.099 Thread 0x0000025f995b0800 Exception <a 'java/lang/NoSuchMethodError'{0x0000000623152e70}: 'java.lang.Object java.lang.invoke.Invokers$Holder.linkToTargetMethod(java.lang.Object, int, int, int, java.lang.Object)'> (0x0000000623152e70) thrown at [./src/hotspot/share/interpreter/linkResolver.cpp, line 773]
Event: 2.099 Thread 0x0000025f995b3000 Exception <a 'java/lang/NoSuchMethodError'{0x00000006230eab10}: 'java.lang.Object java.lang.invoke.Invokers$Holder.linkToTargetMethod(java.lang.Object, int, int, int, java.lang.Object)'> (0x00000006230eab10) thrown at [./src/hotspot/share/interpreter/linkResolver.cpp, line 773]

Events (20 events):
Event: 7.302 Executing VM operation: RevokeBias
Event: 7.302 Executing VM operation: RevokeBias done
Event: 7.302 Executing VM operation: RevokeBias
Event: 7.302 Executing VM operation: RevokeBias done
Event: 7.302 Executing VM operation: RevokeBias
Event: 7.302 Executing VM operation: RevokeBias done
Event: 7.302 Executing VM operation: RevokeBias
Event: 7.302 Executing VM operation: RevokeBias done
Event: 7.302 Executing VM operation: RevokeBias
Event: 7.303 Executing VM operation: RevokeBias done
Event: 7.303 loading class javax/crypto/AEADBadTagException
Event: 7.303 loading class javax/crypto/AEADBadTagException done
Event: 7.303 Executing VM operation: RevokeBias
Event: 7.303 Executing VM operation: RevokeBias done
Event: 7.303 Executing VM operation: RevokeBias
Event: 7.303 Executing VM operation: RevokeBias done
Event: 7.303 Executing VM operation: RevokeBias
Event: 7.303 Executing VM operation: RevokeBias done
Event: 8.677 Thread 0x0000025fffa7b000 Thread exited: 0x0000025fffa7b000
Event: 10.927 Thread 0x0000025fffc4a000 Thread exited: 0x0000025fffc4a000


Dynamic libraries:
0x00007ff68f790000 - 0x00007ff68f79d000 	C:\Program Files\Eclipse Adoptium\jdk-11.0.14.9-hotspot\bin\java.exe
0x00007ffb5f4e0000 - 0x00007ffb5f6e9000 	C:\Windows\SYSTEM32\ntdll.dll
0x00007ffb5dee0000 - 0x00007ffb5df9e000 	C:\Windows\System32\KERNEL32.DLL
0x00007ffb5cfe0000 - 0x00007ffb5d35b000 	C:\Windows\System32\KERNELBASE.dll
0x00007ffb5c9b0000 - 0x00007ffb5cac1000 	C:\Windows\System32\ucrtbase.dll
0x00007ffac2110000 - 0x00007ffac2125000 	C:\Program Files\Eclipse Adoptium\jdk-11.0.14.9-hotspot\bin\VCRUNTIME140.dll
0x00007ffb53340000 - 0x00007ffb53357000 	C:\Program Files\Eclipse Adoptium\jdk-11.0.14.9-hotspot\bin\jli.dll
0x00007ffb5f2e0000 - 0x00007ffb5f48d000 	C:\Windows\System32\USER32.dll
0x00007ffb33fd0000 - 0x00007ffb34275000 	C:\Windows\WinSxS\amd64_microsoft.windows.common-controls_6595b64144ccf1df_6.0.22000.120_none_9d947278b86cc467\COMCTL32.dll
0x00007ffb5cfb0000 - 0x00007ffb5cfd6000 	C:\Windows\System32\win32u.dll
0x00007ffb5f0b0000 - 0x00007ffb5f153000 	C:\Windows\System32\msvcrt.dll
0x00007ffb5ec50000 - 0x00007ffb5ec79000 	C:\Windows\System32\GDI32.dll
0x00007ffb5cad0000 - 0x00007ffb5cbe8000 	C:\Windows\System32\gdi32full.dll
0x00007ffb5cc70000 - 0x00007ffb5cd0d000 	C:\Windows\System32\msvcp_win.dll
0x00007ffb5eed0000 - 0x00007ffb5ef02000 	C:\Windows\System32\IMM32.DLL
0x00007ffabe4c0000 - 0x00007ffabe55b000 	C:\Program Files\Eclipse Adoptium\jdk-11.0.14.9-hotspot\bin\msvcp140.dll
0x00007ffabd930000 - 0x00007ffabe4b1000 	C:\Program Files\Eclipse Adoptium\jdk-11.0.14.9-hotspot\bin\server\jvm.dll
0x00007ffb5ece0000 - 0x00007ffb5ed8e000 	C:\Windows\System32\ADVAPI32.dll
0x00007ffb5ea80000 - 0x00007ffb5eb1e000 	C:\Windows\System32\sechost.dll
0x00007ffb5e1a0000 - 0x00007ffb5e2c0000 	C:\Windows\System32\RPCRT4.dll
0x00007ffb5ee00000 - 0x00007ffb5ee08000 	C:\Windows\System32\PSAPI.DLL
0x00007ffb3a090000 - 0x00007ffb3a099000 	C:\Windows\SYSTEM32\WSOCK32.dll
0x00007ffb53670000 - 0x00007ffb536a3000 	C:\Windows\SYSTEM32\WINMM.dll
0x00007ffb52080000 - 0x00007ffb5208a000 	C:\Windows\SYSTEM32\VERSION.dll
0x00007ffb5e130000 - 0x00007ffb5e19f000 	C:\Windows\System32\WS2_32.dll
0x00007ffb5bae0000 - 0x00007ffb5baf8000 	C:\Windows\SYSTEM32\kernel.appcore.dll
0x00007ffad6010000 - 0x00007ffad6020000 	C:\Program Files\Eclipse Adoptium\jdk-11.0.14.9-hotspot\bin\verify.dll
0x00007ffb59e80000 - 0x00007ffb5a0a1000 	C:\Windows\SYSTEM32\DBGHELP.DLL
0x00007ffb504d0000 - 0x00007ffb50501000 	C:\Windows\SYSTEM32\dbgcore.DLL
0x00007ffb5cbf0000 - 0x00007ffb5cc6f000 	C:\Windows\System32\bcryptPrimitives.dll
0x00007ffabd900000 - 0x00007ffabd928000 	C:\Program Files\Eclipse Adoptium\jdk-11.0.14.9-hotspot\bin\java.dll
0x00007ffac2de0000 - 0x00007ffac2dea000 	C:\Program Files\Eclipse Adoptium\jdk-11.0.14.9-hotspot\bin\jimage.dll
0x00007ffb423c0000 - 0x00007ffb423f8000 	C:\Program Files\Eclipse Adoptium\jdk-11.0.14.9-hotspot\bin\jdwp.dll
0x00007ffabd8e0000 - 0x00007ffabd8f8000 	C:\Program Files\Eclipse Adoptium\jdk-11.0.14.9-hotspot\bin\zip.dll
0x00007ffb5e2c0000 - 0x00007ffb5ea77000 	C:\Windows\System32\SHELL32.dll
0x00007ffb5ab90000 - 0x00007ffb5b3f5000 	C:\Windows\SYSTEM32\windows.storage.dll
0x00007ffb5d860000 - 0x00007ffb5dbd8000 	C:\Windows\System32\combase.dll
0x00007ffb5a9f0000 - 0x00007ffb5ab56000 	C:\Windows\SYSTEM32\wintypes.dll
0x00007ffb5e040000 - 0x00007ffb5e12a000 	C:\Windows\System32\SHCORE.dll
0x00007ffb5eda0000 - 0x00007ffb5edfd000 	C:\Windows\System32\shlwapi.dll
0x00007ffb5c8e0000 - 0x00007ffb5c901000 	C:\Windows\SYSTEM32\profapi.dll
0x00007ffb536f0000 - 0x00007ffb536fb000 	C:\Program Files\Eclipse Adoptium\jdk-11.0.14.9-hotspot\bin\dt_shmem.dll
0x00007ffabd8c0000 - 0x00007ffabd8d9000 	C:\Program Files\Eclipse Adoptium\jdk-11.0.14.9-hotspot\bin\net.dll
0x00007ffb55580000 - 0x00007ffb55694000 	C:\Windows\SYSTEM32\WINHTTP.dll
0x00007ffb5bf70000 - 0x00007ffb5bfd7000 	C:\Windows\system32\mswsock.dll
0x00007ffabd8a0000 - 0x00007ffabd8b3000 	C:\Program Files\Eclipse Adoptium\jdk-11.0.14.9-hotspot\bin\nio.dll
0x00007ffac7d40000 - 0x00007ffac7ed9000 	C:\Program Files\Eclipse Adoptium\jdk-11.0.14.9-hotspot\bin\awt.dll
0x00007ffb5de00000 - 0x00007ffb5ded6000 	C:\Windows\System32\OLEAUT32.dll
0x00007ffb55810000 - 0x00007ffb558a2000 	C:\Windows\SYSTEM32\apphelp.dll
0x00007ffb5a2f0000 - 0x00007ffb5a31f000 	C:\Windows\system32\DWMAPI.DLL
0x00007ffb57060000 - 0x00007ffb5710c000 	C:\Windows\system32\uxtheme.dll
0x00007ffb14cc0000 - 0x00007ffb14dc1000 	C:\Windows\system32\opengl32.dll
0x00007ffb198d0000 - 0x00007ffb198fd000 	C:\Windows\SYSTEM32\GLU32.dll
0x00007ffb5a0b0000 - 0x00007ffb5a0e8000 	C:\Windows\SYSTEM32\dxcore.dll
0x00007ffb5eb30000 - 0x00007ffb5ec4d000 	C:\Windows\System32\MSCTF.dll
0x00007ffb5ef10000 - 0x00007ffb5f0aa000 	C:\Windows\System32\ole32.dll
0x00007ffb5c250000 - 0x00007ffb5c268000 	C:\Windows\SYSTEM32\CRYPTSP.dll
0x00007ffb5ba40000 - 0x00007ffb5ba75000 	C:\Windows\system32\rsaenh.dll
0x00007ffb5c010000 - 0x00007ffb5c039000 	C:\Windows\SYSTEM32\USERENV.dll
0x00007ffb5c390000 - 0x00007ffb5c3b7000 	C:\Windows\SYSTEM32\bcrypt.dll
0x00007ffb5c160000 - 0x00007ffb5c16c000 	C:\Windows\SYSTEM32\CRYPTBASE.dll
0x00007ffb5b610000 - 0x00007ffb5b63d000 	C:\Windows\SYSTEM32\IPHLPAPI.DLL
0x00007ffb5eb20000 - 0x00007ffb5eb29000 	C:\Windows\System32\NSI.dll
0x00007ffb55a70000 - 0x00007ffb55a89000 	C:\Windows\SYSTEM32\dhcpcsvc6.DLL
0x00007ffb558b0000 - 0x00007ffb558ce000 	C:\Windows\SYSTEM32\dhcpcsvc.DLL
0x00007ffb5b640000 - 0x00007ffb5b728000 	C:\Windows\SYSTEM32\DNSAPI.dll
0x000000006e8c0000 - 0x000000006e8cd000 	C:\Users\n.sarikaya\AppData\Local\Temp\jogamp_0000\file_cache\jln13529574082331303199\jln619282662185626011\natives\windows-amd64\gluegen_rt.dll
0x00007ffb55ae0000 - 0x00007ffb55ae7000 	C:\Program Files\Eclipse Adoptium\jdk-11.0.14.9-hotspot\bin\jawt.dll
0x000000006a440000 - 0x000000006a44d000 	C:\Users\n.sarikaya\AppData\Local\Temp\jogamp_0000\file_cache\jln13529574082331303199\jln619282662185626011\natives\windows-amd64\nativewindow_awt.dll
0x000000006c100000 - 0x000000006c110000 	C:\Users\n.sarikaya\AppData\Local\Temp\jogamp_0000\file_cache\jln13529574082331303199\jln619282662185626011\natives\windows-amd64\nativewindow_win32.dll
0x0000000064500000 - 0x0000000064585000 	C:\Users\n.sarikaya\AppData\Local\Temp\jogamp_0000\file_cache\jln13529574082331303199\jln619282662185626011\natives\windows-amd64\jogl_desktop.dll
0x0000000064340000 - 0x0000000064391000 	C:\Users\n.sarikaya\AppData\Local\Temp\jogamp_0000\file_cache\jln13529574082331303199\jln619282662185626011\natives\windows-amd64\jogl_mobile.dll
0x00007ffb52970000 - 0x00007ffb529b4000 	C:\Windows\SYSTEM32\directxdatabasehelper.dll
0x00007ffb5bb00000 - 0x00007ffb5bb34000 	C:\Windows\SYSTEM32\ntmarta.dll
0x00007ffb5ee10000 - 0x00007ffb5eec5000 	C:\Windows\System32\clbcatq.dll
0x00007ffb54000000 - 0x00007ffb54134000 	C:\Windows\System32\AppXDeploymentClient.dll
0x00007ffb53ce0000 - 0x00007ffb53ed0000 	C:\Windows\SYSTEM32\urlmon.dll
0x00007ffb539f0000 - 0x00007ffb53ca3000 	C:\Windows\System32\iertutil.dll
0x00007ffb53cb0000 - 0x00007ffb53cd8000 	C:\Windows\System32\srvcli.dll
0x00007ffb5b600000 - 0x00007ffb5b60c000 	C:\Windows\System32\netutils.dll
0x00007ffae5200000 - 0x00007ffae62a9000 	C:\Windows\System32\DriverStore\FileRepository\iigd_dch.inf_amd64_f60bb83011df0c7e\igxelpicd64.dll
0x00007ffb57190000 - 0x00007ffb57283000 	C:\Windows\system32\dxgi.dll
0x00007ffae50d0000 - 0x00007ffae51f4000 	C:\Windows\System32\DriverStore\FileRepository\iigd_dch.inf_amd64_f60bb83011df0c7e\igdml64.dll
0x00007ffb4c8d0000 - 0x00007ffb4cce2000 	C:\Windows\System32\DriverStore\FileRepository\iigd_dch.inf_amd64_f60bb83011df0c7e\igdgmm64.dll
0x00007ffb5c680000 - 0x00007ffb5c6ac000 	C:\Windows\SYSTEM32\DEVOBJ.dll
0x00007ffb5c6b0000 - 0x00007ffb5c6fc000 	C:\Windows\SYSTEM32\cfgmgr32.dll
0x00007ffb5cf40000 - 0x00007ffb5cfa8000 	C:\Windows\System32\WINTRUST.dll
0x00007ffb5cd10000 - 0x00007ffb5ce72000 	C:\Windows\System32\CRYPT32.dll
0x00007ffb5c2a0000 - 0x00007ffb5c2b2000 	C:\Windows\SYSTEM32\MSASN1.dll
0x00007ffb43ef0000 - 0x00007ffb4832e000 	C:\Windows\System32\DriverStore\FileRepository\iigd_dch.inf_amd64_f60bb83011df0c7e\igc64.dll
0x00007ffb5b410000 - 0x00007ffb5b45d000 	C:\Windows\SYSTEM32\powrprof.dll
0x00007ffb5b500000 - 0x00007ffb5b513000 	C:\Windows\SYSTEM32\UMPDC.dll
0x00007ffb535e0000 - 0x00007ffb535ee000 	C:\Program Files\Eclipse Adoptium\jdk-11.0.14.9-hotspot\bin\sunmscapi.dll
0x00007ffb5c360000 - 0x00007ffb5c388000 	C:\Windows\SYSTEM32\ncrypt.dll
0x00007ffb5c320000 - 0x00007ffb5c357000 	C:\Windows\SYSTEM32\NTASN1.dll
0x00007ffaf5d20000 - 0x00007ffaf5d45000 	C:\Program Files\Eclipse Adoptium\jdk-11.0.14.9-hotspot\bin\sunec.dll
0x00007ffb54490000 - 0x00007ffb5449a000 	C:\Windows\System32\rasadhlp.dll
0x00007ffb55c10000 - 0x00007ffb55c91000 	C:\Windows\System32\fwpuclnt.dll
0x00007ffac7cb0000 - 0x00007ffac7d36000 	C:\Program Files\Eclipse Adoptium\jdk-11.0.14.9-hotspot\bin\freetype.dll
0x00007ffac7c00000 - 0x00007ffac7ca6000 	C:\Program Files\Eclipse Adoptium\jdk-11.0.14.9-hotspot\bin\fontmanager.dll
0x00007ffb2f540000 - 0x00007ffb2f66d000 	C:\Windows\SYSTEM32\textinputframework.dll
0x00007ffb55290000 - 0x00007ffb553c1000 	C:\Windows\SYSTEM32\CoreMessaging.dll
0x00007ffb51440000 - 0x00007ffb517ad000 	C:\Windows\SYSTEM32\CoreUIComponents.dll

dbghelp: loaded successfully - version: 4.0.5 - missing functions: none
symbol engine: initialized successfully - sym options: 0x614 - pdb path: .;C:\Program Files\Eclipse Adoptium\jdk-11.0.14.9-hotspot\bin;C:\Windows\SYSTEM32;C:\Windows\WinSxS\amd64_microsoft.windows.common-controls_6595b64144ccf1df_6.0.22000.120_none_9d947278b86cc467;C:\Program Files\Eclipse Adoptium\jdk-11.0.14.9-hotspot\bin\server;C:\Users\n.sarikaya\AppData\Local\Temp\jogamp_0000\file_cache\jln13529574082331303199\jln619282662185626011\natives\windows-amd64;C:\Windows\System32\DriverStore\FileRepository\iigd_dch.inf_amd64_f60bb83011df0c7e

VM Arguments:
jvm_args: -Dfile.encoding=UTF-8 -Dsun.java2d.dpiaware=true -agentlib:jdwp=transport=dt_shmem,address=javadebug 
java_command: gov.nasa.worldwindx.examples.symbology.AllPointGraphics
java_class_path (initial): C:\Development\WorldWind-Modified\gdal.jar;C:\Development\WorldWind-Modified\junit-4.5.jar;C:\Development\WorldWind-Modified\gluegen-rt.jar;C:\Development\WorldWind-Modified\jogl-all.jar;C:\Development\WorldWind-Modified\sqlite-jdbc-3.36.0.3.jar;C:\Development\WorldWind-Modified\mil-std-2525-lib\JavaLineArray-0.1.41.jar;C:\Development\WorldWind-Modified\mil-std-2525-lib\JavaRenderer-0.1.41.jar;C:\Development\WorldWind-Modified\mil-std-2525-lib\JavaRendererServer-0.1.41.jar;C:\Development\WorldWind-Modified\mil-std-2525-lib\JavaRendererUtils-0.1.41.jar;C:\Development\WorldWind-Modified\mil-std-2525-lib\RendererPluginInterface-0.1.41.jar;C:\Development\WorldWind-Modified\mil-std-2525-lib\mil-sym-renderer-0.1.41.jar;C:\Development\WorldWind-Modified\build\classes
Launcher Type: SUN_STANDARD

[Global flags]
     intx CICompilerCount                          = 12                                        {product} {ergonomic}
     uint ConcGCThreads                            = 3                                         {product} {ergonomic}
     uint G1ConcRefinementThreads                  = 13                                        {product} {ergonomic}
   size_t G1HeapRegionSize                         = 2097152                                   {product} {ergonomic}
    uintx GCDrainStackTargetSize                   = 64                                        {product} {ergonomic}
   size_t InitialHeapSize                          = 532676608                                 {product} {ergonomic}
   size_t MarkStackSize                            = 4194304                                   {product} {ergonomic}
   size_t MaxHeapSize                              = 8516534272                                {product} {ergonomic}
   size_t MaxNewSize                               = 5108662272                                {product} {ergonomic}
   size_t MinHeapDeltaBytes                        = 2097152                                   {product} {ergonomic}
    uintx NonNMethodCodeHeapSize                   = 7594288                                {pd product} {ergonomic}
    uintx NonProfiledCodeHeapSize                  = 122031976                              {pd product} {ergonomic}
    uintx ProfiledCodeHeapSize                     = 122031976                              {pd product} {ergonomic}
    uintx ReservedCodeCacheSize                    = 251658240                              {pd product} {ergonomic}
     bool SegmentedCodeCache                       = true                                      {product} {ergonomic}
     bool UseCompressedClassPointers               = true                                 {lp64_product} {ergonomic}
     bool UseCompressedOops                        = true                                 {lp64_product} {ergonomic}
     bool UseG1GC                                  = true                                      {product} {ergonomic}
     bool UseLargePagesIndividualAllocation        = false                                  {pd product} {ergonomic}

Logging:
Log output configuration:
 #0: stdout all=warning uptime,level,tags
 #1: stderr all=off uptime,level,tags

Environment Variables:
JAVA_HOME=C:\Program Files\Eclipse Adoptium\jre-11.0.14.9-hotspot
PATH=C:\Program Files (x86)\Common Files\Oracle\Java\javapath;C:\Program Files\MariaDB 10.5\bin;C:\Program Files\Eclipse Adoptium\jdk-11.0.14.9-hotspot\bin;C:\Program Files\Eclipse Adoptium\jre-11.0.14.9-hotspot\bin;C:\Windows\system32;C:\Windows;C:\Windows\System32\Wbem;C:\Windows\System32\WindowsPowerShell\v1.0\;C:\Windows\System32\OpenSSH\;C:\Program Files\Git\cmd;C:\Program Files (x86)\NVIDIA Corporation\PhysX\Common;C:\Program Files\NVIDIA Corporation\NVIDIA NvDLISR;C:\Program Files\TortoiseSVN\bin;C:\Program Files\TortoiseSVN\;C:\Program Files\Eclipse Adoptium\jre-11.0.14.9-hotspot\bin;C:\Program Files (x86)\GitExtensions\;C:\Users\n.sarikaya\AppData\Local\Microsoft\WindowsApps;C:\Program Files\JetBrains\IntelliJ IDEA Community Edition 2022.2.1\bin;;C:\Users\n.sarikaya\Downloads\apache-maven-3.8.6-bin\bin;C:\Program Files\Eclipse Adoptium\jre-11.0.14.9-hotspot\bin;
USERNAME=n.sarikaya
OS=Windows_NT
PROCESSOR_IDENTIFIER=Intel64 Family 6 Model 141 Stepping 1, GenuineIntel



---------------  S Y S T E M  ---------------

OS: Windows 11 , 64 bit Build 22000 (10.0.22000.1335)
OS uptime: 1 days 3:33 hours
Hyper-V role detected

CPU:total 16 (initial active 16) (8 cores per cpu, 2 threads per core) family 6 model 141 stepping 1 microcode 0x3e, cmov, cx8, fxsr, mmx, sse, sse2, sse3, ssse3, sse4.1, sse4.2, popcnt, avx, avx2, aes, clmul, erms, 3dnowpref, lzcnt, ht, tsc, tscinvbit, bmi1, bmi2, adx, evex, sha, fma

Memory: 4k page, system-wide physical 32487M (7058M free)
TotalPageFile size 41703M (AvailPageFile size 4851M)
current process WorkingSet (physical memory assigned to process): 448M, peak: 523M
current process commit charge ("private bytes"): 779M, peak: 856M

vm_info: OpenJDK 64-Bit Server VM (11.0.14+9) for windows-amd64 JRE (11.0.14+9), built on Jan 19 2022 06:39:50 by "" with unknown MS VC++:1916

END.
